<?xml version="1.0" encoding="utf-8"?>
<test-run id="2" testcasecount="337" result="Passed" total="337" passed="337" failed="0" inconclusive="0" skipped="0" asserts="0" engine-version="3.5.0.0" clr-version="4.0.30319.42000" start-time="2026-08-03 18:44:17Z" end-time="2026-08-03 18:44:37Z" duration="20.4703556">
  <test-suite type="TestSuite" id="1000" name="GibiWorld" fullname="GibiWorld" runstate="Runnable" testcasecount="337" result="Passed" start-time="2026-08-03 18:44:17Z" end-time="2026-08-03 18:44:37Z" duration="20.470356" total="337" passed="337" failed="0" inconclusive="0" skipped="0" asserts="0">
    <properties>
      <property name="platform" value="EditMode" />
    </properties>
    <test-suite type="Assembly" id="1149" name="Gibi.Tests.EditMode.dll" fullname="/Users/robert/gibiworld/clients/gw-mobile/Library/ScriptAssemblies/Gibi.Tests.EditMode.dll" runstate="Runnable" testcasecount="118" result="Passed" start-time="2026-08-03 18:44:17Z" end-time="2026-08-03 18:44:17Z" duration="0.564082" total="118" passed="118" failed="0" inconclusive="0" skipped="0" asserts="0">
      <properties>
        <property name="_PID" value="13005" />
        <property name="_APPDOMAIN" value="Unity Child Domain" />
        <property name="platform" value="EditMode" />
        <property name="EditorOnly" value="True" />
      </properties>
      <test-suite type="TestSuite" id="1150" name="Gibi" fullname="Gibi" runstate="Runnable" testcasecount="118" result="Passed" start-time="2026-08-03 18:44:17Z" end-time="2026-08-03 18:44:17Z" duration="0.562560" total="118" passed="118" failed="0" inconclusive="0" skipped="0" asserts="0">
        <properties />
        <test-suite type="TestSuite" id="1151" name="Tests" fullname="Gibi.Tests" runstate="Runnable" testcasecount="118" result="Passed" start-time="2026-08-03 18:44:17Z" end-time="2026-08-03 18:44:17Z" duration="0.561273" total="118" passed="118" failed="0" inconclusive="0" skipped="0" asserts="0">
          <properties />
          <test-suite type="TestSuite" id="1152" name="EditMode" fullname="Gibi.Tests.EditMode" runstate="Runnable" testcasecount="111" result="Passed" start-time="2026-08-03 18:44:17Z" end-time="2026-08-03 18:44:17Z" duration="0.550527" total="111" passed="111" failed="0" inconclusive="0" skipped="0" asserts="0">
            <properties />
            <test-suite type="TestFixture" id="1020" name="CareProfileComposition" fullname="Gibi.Tests.EditMode.CareProfileComposition" classname="Gibi.Tests.EditMode.CareProfileComposition" runstate="Runnable" testcasecount="4" result="Passed" start-time="2026-08-03 18:44:17Z" end-time="2026-08-03 18:44:17Z" duration="0.017865" total="4" passed="4" failed="0" inconclusive="0" skipped="0" asserts="0">
              <properties />
              <test-case id="1022" name="Adding_a_profile_can_only_calm_the_pet_further" fullname="Gibi.Tests.EditMode.CareProfileComposition.Adding_a_profile_can_only_calm_the_pet_further" methodname="Adding_a_profile_can_only_calm_the_pet_further" classname="Gibi.Tests.EditMode.CareProfileComposition" runstate="Runnable" seed="1051099220" result="Passed" start-time="2026-08-03 18:44:17Z" end-time="2026-08-03 18:44:17Z" duration="0.007160" asserts="0">
                <properties>
                  <property name="retryIteration" value="0" />
                  <property name="repeatIteration" value="0" />
                </properties>
              </test-case>
              <test-case id="1024" name="Care_profile_caps_speed_but_never_availability" fullname="Gibi.Tests.EditMode.CareProfileComposition.Care_profile_caps_speed_but_never_availability" methodname="Care_profile_caps_speed_but_never_availability" classname="Gibi.Tests.EditMode.CareProfileComposition" runstate="Runnable" seed="1514034158" result="Passed" start-time="2026-08-03 18:44:17Z" end-time="2026-08-03 18:44:17Z" duration="0.002803" asserts="0">
                <properties>
                  <property name="retryIteration" value="0" />
                  <property name="repeatIteration" value="0" />
                </properties>
              </test-case>
              <test-case id="1021" name="Profiles_compose_to_the_most_conservative_value" fullname="Gibi.Tests.EditMode.CareProfileComposition.Profiles_compose_to_the_most_conservative_value" methodname="Profiles_compose_to_the_most_conservative_value" classname="Gibi.Tests.EditMode.CareProfileComposition" runstate="Runnable" seed="954490007" result="Passed" start-time="2026-08-03 18:44:17Z" end-time="2026-08-03 18:44:17Z" duration="0.000173" asserts="0">
                <properties>
                  <property name="retryIteration" value="0" />
                  <property name="repeatIteration" value="0" />
                </properties>
              </test-case>
              <test-case id="1023" name="Wellbeing_pacing_is_on_by_default_not_opt_in" fullname="Gibi.Tests.EditMode.CareProfileComposition.Wellbeing_pacing_is_on_by_default_not_opt_in" methodname="Wellbeing_pacing_is_on_by_default_not_opt_in" classname="Gibi.Tests.EditMode.CareProfileComposition" runstate="Runnable" seed="805161922" result="Passed" start-time="2026-08-03 18:44:17Z" end-time="2026-08-03 18:44:17Z" duration="0.000160" asserts="0">
                <properties>
                  <property name="retryIteration" value="0" />
                  <property name="repeatIteration" value="0" />
                </properties>
              </test-case>
            </test-suite>
            <test-suite type="TestFixture" id="1068" name="CareProfilesOnlyNarrow" fullname="Gibi.Tests.EditMode.CareProfilesOnlyNarrow" classname="Gibi.Tests.EditMode.CareProfilesOnlyNarrow" runstate="Runnable" testcasecount="3" result="Passed" start-time="2026-08-03 18:44:17Z" end-time="2026-08-03 18:44:17Z" duration="0.013783" total="3" passed="3" failed="0" inconclusive="0" skipped="0" asserts="0">
              <properties />
              <test-case id="1069" name="Adding_a_profile_never_raises_a_cap" fullname="Gibi.Tests.EditMode.CareProfilesOnlyNarrow.Adding_a_profile_never_raises_a_cap" methodname="Adding_a_profile_never_raises_a_cap" classname="Gibi.Tests.EditMode.CareProfilesOnlyNarrow" runstate="Runnable" seed="1782655462" result="Passed" start-time="2026-08-03 18:44:17Z" end-time="2026-08-03 18:44:17Z" duration="0.000841" asserts="0">
                <properties>
                  <property name="retryIteration" value="0" />
                  <property name="repeatIteration" value="0" />
                </properties>
              </test-case>
              <test-case id="1071" name="Gentle_sensory_caps_intensity_across_every_selection" fullname="Gibi.Tests.EditMode.CareProfilesOnlyNarrow.Gentle_sensory_caps_intensity_across_every_selection" methodname="Gentle_sensory_caps_intensity_across_every_selection" classname="Gibi.Tests.EditMode.CareProfilesOnlyNarrow" runstate="Runnable" seed="812160726" result="Passed" start-time="2026-08-03 18:44:17Z" end-time="2026-08-03 18:44:17Z" duration="0.011798" asserts="0">
                <properties>
                  <property name="retryIteration" value="0" />
                  <property name="repeatIteration" value="0" />
                </properties>
              </test-case>
              <test-case id="1070" name="Self_and_comfort_intents_survive_every_profile_combination" fullname="Gibi.Tests.EditMode.CareProfilesOnlyNarrow.Self_and_comfort_intents_survive_every_profile_combination" methodname="Self_and_comfort_intents_survive_every_profile_combination" classname="Gibi.Tests.EditMode.CareProfilesOnlyNarrow" runstate="Runnable" seed="650652051" result="Passed" start-time="2026-08-03 18:44:17Z" end-time="2026-08-03 18:44:17Z" duration="0.000288" asserts="0">
                <properties>
                  <property name="retryIteration" value="0" />
                  <property name="repeatIteration" value="0" />
                </properties>
              </test-case>
            </test-suite>
            <test-suite type="TestFixture" id="1080" name="CatalogContractParity" fullname="Gibi.Tests.EditMode.CatalogContractParity" classname="Gibi.Tests.EditMode.CatalogContractParity" runstate="Runnable" testcasecount="4" result="Passed" start-time="2026-08-03 18:44:17Z" end-time="2026-08-03 18:44:17Z" duration="0.002639" total="4" passed="4" failed="0" inconclusive="0" skipped="0" asserts="0">
              <properties />
              <test-case id="1083" name="Catalog_fits_the_care_mask_width" fullname="Gibi.Tests.EditMode.CatalogContractParity.Catalog_fits_the_care_mask_width" methodname="Catalog_fits_the_care_mask_width" classname="Gibi.Tests.EditMode.CatalogContractParity" runstate="Runnable" seed="1964917336" result="Passed" start-time="2026-08-03 18:44:17Z" end-time="2026-08-03 18:44:17Z" duration="0.000192" asserts="0">
                <properties>
                  <property name="retryIteration" value="0" />
                  <property name="repeatIteration" value="0" />
                </properties>
              </test-case>
              <test-case id="1081" name="Csharp_catalog_matches_the_contract_file_exactly" fullname="Gibi.Tests.EditMode.CatalogContractParity.Csharp_catalog_matches_the_contract_file_exactly" methodname="Csharp_catalog_matches_the_contract_file_exactly" classname="Gibi.Tests.EditMode.CatalogContractParity" runstate="Runnable" seed="798048165" result="Passed" start-time="2026-08-03 18:44:17Z" end-time="2026-08-03 18:44:17Z" duration="0.001188" asserts="0">
                <properties>
                  <property name="retryIteration" value="0" />
                  <property name="repeatIteration" value="0" />
                </properties>
              </test-case>
              <test-case id="1084" name="Every_intent_declares_a_clip_and_a_sane_cap" fullname="Gibi.Tests.EditMode.CatalogContractParity.Every_intent_declares_a_clip_and_a_sane_cap" methodname="Every_intent_declares_a_clip_and_a_sane_cap" classname="Gibi.Tests.EditMode.CatalogContractParity" runstate="Runnable" seed="971815314" result="Passed" start-time="2026-08-03 18:44:17Z" end-time="2026-08-03 18:44:17Z" duration="0.000414" asserts="0">
                <properties>
                  <property name="retryIteration" value="0" />
                  <property name="repeatIteration" value="0" />
                </properties>
              </test-case>
              <test-case id="1082" name="No_duplicate_intent_ids" fullname="Gibi.Tests.EditMode.CatalogContractParity.No_duplicate_intent_ids" methodname="No_duplicate_intent_ids" classname="Gibi.Tests.EditMode.CatalogContractParity" runstate="Runnable" seed="68604155" result="Passed" start-time="2026-08-03 18:44:17Z" end-time="2026-08-03 18:44:17Z" duration="0.000156" asserts="0">
                <properties>
                  <property name="retryIteration" value="0" />
                  <property name="repeatIteration" value="0" />
                </properties>
              </test-case>
            </test-suite>
            <test-suite type="TestFixture" id="1063" name="ComfortAndTiming" fullname="Gibi.Tests.EditMode.ComfortAndTiming" classname="Gibi.Tests.EditMode.ComfortAndTiming" runstate="Runnable" testcasecount="4" result="Passed" start-time="2026-08-03 18:44:17Z" end-time="2026-08-03 18:44:17Z" duration="0.019499" total="4" passed="4" failed="0" inconclusive="0" skipped="0" asserts="0">
              <properties />
              <test-case id="1064" name="A_settled_child_gets_a_pet_that_slows_down_and_stays" fullname="Gibi.Tests.EditMode.ComfortAndTiming.A_settled_child_gets_a_pet_that_slows_down_and_stays" methodname="A_settled_child_gets_a_pet_that_slows_down_and_stays" classname="Gibi.Tests.EditMode.ComfortAndTiming" runstate="Runnable" seed="1480905468" result="Passed" start-time="2026-08-03 18:44:17Z" end-time="2026-08-03 18:44:17Z" duration="0.000137" asserts="0">
                <properties>
                  <property name="retryIteration" value="0" />
                  <property name="repeatIteration" value="0" />
                </properties>
              </test-case>
              <test-case id="1065" name="An_excited_child_gets_a_pet_that_answers_almost_at_once" fullname="Gibi.Tests.EditMode.ComfortAndTiming.An_excited_child_gets_a_pet_that_answers_almost_at_once" methodname="An_excited_child_gets_a_pet_that_answers_almost_at_once" classname="Gibi.Tests.EditMode.ComfortAndTiming" runstate="Runnable" seed="804049034" result="Passed" start-time="2026-08-03 18:44:17Z" end-time="2026-08-03 18:44:17Z" duration="0.000093" asserts="0">
                <properties>
                  <property name="retryIteration" value="0" />
                  <property name="repeatIteration" value="0" />
                </properties>
              </test-case>
              <test-case id="1067" name="Late_hour_favours_settling_without_locking_anyone_out" fullname="Gibi.Tests.EditMode.ComfortAndTiming.Late_hour_favours_settling_without_locking_anyone_out" methodname="Late_hour_favours_settling_without_locking_anyone_out" classname="Gibi.Tests.EditMode.ComfortAndTiming" runstate="Runnable" seed="1841371639" result="Passed" start-time="2026-08-03 18:44:17Z" end-time="2026-08-03 18:44:17Z" duration="0.017975" asserts="0">
                <properties>
                  <property name="retryIteration" value="0" />
                  <property name="repeatIteration" value="0" />
                </properties>
              </test-case>
              <test-case id="1066" name="Latency_varies_across_ticks_so_no_two_responses_land_identically" fullname="Gibi.Tests.EditMode.ComfortAndTiming.Latency_varies_across_ticks_so_no_two_responses_land_identically" methodname="Latency_varies_across_ticks_so_no_two_responses_land_identically" classname="Gibi.Tests.EditMode.ComfortAndTiming" runstate="Runnable" seed="632697911" result="Passed" start-time="2026-08-03 18:44:17Z" end-time="2026-08-03 18:44:17Z" duration="0.000699" asserts="0">
                <properties>
                  <property name="retryIteration" value="0" />
                  <property name="repeatIteration" value="0" />
                </properties>
              </test-case>
            </test-suite>
            <test-suite type="TestFixture" id="1030" name="ComfortIsNeverWithdrawn" fullname="Gibi.Tests.EditMode.ComfortIsNeverWithdrawn" classname="Gibi.Tests.EditMode.ComfortIsNeverWithdrawn" runstate="Runnable" testcasecount="2" result="Passed" start-time="2026-08-03 18:44:17Z" end-time="2026-08-03 18:44:17Z" duration="0.001066" total="2" passed="2" failed="0" inconclusive="0" skipped="0" asserts="0">
              <properties />
              <test-case id="1032" name="Settling_outranks_fatigue_so_comfort_is_never_cut_short" fullname="Gibi.Tests.EditMode.ComfortIsNeverWithdrawn.Settling_outranks_fatigue_so_comfort_is_never_cut_short" methodname="Settling_outranks_fatigue_so_comfort_is_never_cut_short" classname="Gibi.Tests.EditMode.ComfortIsNeverWithdrawn" runstate="Runnable" seed="1387071430" result="Passed" start-time="2026-08-03 18:44:17Z" end-time="2026-08-03 18:44:17Z" duration="0.000336" asserts="0">
                <properties>
                  <property name="retryIteration" value="0" />
                  <property name="repeatIteration" value="0" />
                </properties>
              </test-case>
              <test-case id="1031" name="Stillness_with_the_pet_close_makes_it_stay" fullname="Gibi.Tests.EditMode.ComfortIsNeverWithdrawn.Stillness_with_the_pet_close_makes_it_stay" methodname="Stillness_with_the_pet_close_makes_it_stay" classname="Gibi.Tests.EditMode.ComfortIsNeverWithdrawn" runstate="Runnable" seed="1486941481" result="Passed" start-time="2026-08-03 18:44:17Z" end-time="2026-08-03 18:44:17Z" duration="0.000097" asserts="0">
                <properties>
                  <property name="retryIteration" value="0" />
                  <property name="repeatIteration" value="0" />
                </properties>
              </test-case>
            </test-suite>
            <test-suite type="TestFixture" id="1055" name="EnergyIsExpressiveNeverGating" fullname="Gibi.Tests.EditMode.EnergyIsExpressiveNeverGating" classname="Gibi.Tests.EditMode.EnergyIsExpressiveNeverGating" runstate="Runnable" testcasecount="3" result="Passed" start-time="2026-08-03 18:44:17Z" end-time="2026-08-03 18:44:17Z" duration="0.101798" total="3" passed="3" failed="0" inconclusive="0" skipped="0" asserts="0">
              <properties />
              <test-case id="1056" name="Every_intent_available_at_full_energy_is_available_at_zero_energy" fullname="Gibi.Tests.EditMode.EnergyIsExpressiveNeverGating.Every_intent_available_at_full_energy_is_available_at_zero_energy" methodname="Every_intent_available_at_full_energy_is_available_at_zero_energy" classname="Gibi.Tests.EditMode.EnergyIsExpressiveNeverGating" runstate="Runnable" seed="1091354762" result="Passed" start-time="2026-08-03 18:44:17Z" end-time="2026-08-03 18:44:17Z" duration="0.064256" asserts="0">
                <properties>
                  <property name="retryIteration" value="0" />
                  <property name="repeatIteration" value="0" />
                </properties>
              </test-case>
              <test-case id="1057" name="Exhausted_pet_still_reaches_active_intents" fullname="Gibi.Tests.EditMode.EnergyIsExpressiveNeverGating.Exhausted_pet_still_reaches_active_intents" methodname="Exhausted_pet_still_reaches_active_intents" classname="Gibi.Tests.EditMode.EnergyIsExpressiveNeverGating" runstate="Runnable" seed="1586314633" result="Passed" start-time="2026-08-03 18:44:17Z" end-time="2026-08-03 18:44:17Z" duration="0.033319" asserts="0">
                <properties>
                  <property name="retryIteration" value="0" />
                  <property name="repeatIteration" value="0" />
                </properties>
              </test-case>
              <test-case id="1058" name="Low_energy_lowers_intensity_rather_than_removing_the_action" fullname="Gibi.Tests.EditMode.EnergyIsExpressiveNeverGating.Low_energy_lowers_intensity_rather_than_removing_the_action" methodname="Low_energy_lowers_intensity_rather_than_removing_the_action" classname="Gibi.Tests.EditMode.EnergyIsExpressiveNeverGating" runstate="Runnable" seed="615480249" result="Passed" start-time="2026-08-03 18:44:17Z" end-time="2026-08-03 18:44:17Z" duration="0.003573" asserts="0">
                <properties>
                  <property name="retryIteration" value="0" />
                  <property name="repeatIteration" value="0" />
                </properties>
              </test-case>
            </test-suite>
            <test-suite type="TestFixture" id="1033" name="EstimatorPrivacyProperties" fullname="Gibi.Tests.EditMode.EstimatorPrivacyProperties" classname="Gibi.Tests.EditMode.EstimatorPrivacyProperties" runstate="Runnable" testcasecount="4" result="Passed" start-time="2026-08-03 18:44:17Z" end-time="2026-08-03 18:44:17Z" duration="0.014773" total="4" passed="4" failed="0" inconclusive="0" skipped="0" asserts="0">
              <properties />
              <test-case id="1037" name="A_fresh_estimator_starts_from_nothing_each_session" fullname="Gibi.Tests.EditMode.EstimatorPrivacyProperties.A_fresh_estimator_starts_from_nothing_each_session" methodname="A_fresh_estimator_starts_from_nothing_each_session" classname="Gibi.Tests.EditMode.EstimatorPrivacyProperties" runstate="Runnable" seed="297608447" result="Passed" start-time="2026-08-03 18:44:17Z" end-time="2026-08-03 18:44:17Z" duration="0.001048" asserts="0">
                <properties>
                  <property name="retryIteration" value="0" />
                  <property name="repeatIteration" value="0" />
                </properties>
              </test-case>
              <test-case id="1034" name="Estimate_produces_continuous_values_never_categories" fullname="Gibi.Tests.EditMode.EstimatorPrivacyProperties.Estimate_produces_continuous_values_never_categories" methodname="Estimate_produces_continuous_values_never_categories" classname="Gibi.Tests.EditMode.EstimatorPrivacyProperties" runstate="Runnable" seed="1028826133" result="Passed" start-time="2026-08-03 18:44:17Z" end-time="2026-08-03 18:44:17Z" duration="0.000467" asserts="0">
                <properties>
                  <property name="retryIteration" value="0" />
                  <property name="repeatIteration" value="0" />
                </properties>
              </test-case>
              <test-case id="1035" name="Repeating_one_action_registers_as_perseveration_not_a_label" fullname="Gibi.Tests.EditMode.EstimatorPrivacyProperties.Repeating_one_action_registers_as_perseveration_not_a_label" methodname="Repeating_one_action_registers_as_perseveration_not_a_label" classname="Gibi.Tests.EditMode.EstimatorPrivacyProperties" runstate="Runnable" seed="2066341965" result="Passed" start-time="2026-08-03 18:44:17Z" end-time="2026-08-03 18:44:17Z" duration="0.000386" asserts="0">
                <properties>
                  <property name="retryIteration" value="0" />
                  <property name="repeatIteration" value="0" />
                </properties>
              </test-case>
              <test-case id="1036" name="Varied_play_does_not_register_as_perseveration" fullname="Gibi.Tests.EditMode.EstimatorPrivacyProperties.Varied_play_does_not_register_as_perseveration" methodname="Varied_play_does_not_register_as_perseveration" classname="Gibi.Tests.EditMode.EstimatorPrivacyProperties" runstate="Runnable" seed="480733486" result="Passed" start-time="2026-08-03 18:44:17Z" end-time="2026-08-03 18:44:17Z" duration="0.000196" asserts="0">
                <properties>
                  <property name="retryIteration" value="0" />
                  <property name="repeatIteration" value="0" />
                </properties>
              </test-case>
            </test-suite>
            <test-suite type="TestFixture" id="1010" name="GW_AgeGate" fullname="Gibi.Tests.EditMode.GW_AgeGate" classname="Gibi.Tests.EditMode.GW_AgeGate" runstate="Runnable" testcasecount="9" result="Passed" start-time="2026-08-03 18:44:17Z" end-time="2026-08-03 18:44:17Z" duration="0.006544" total="9" passed="9" failed="0" inconclusive="0" skipped="0" asserts="0">
              <properties />
              <test-case id="1018" name="Adults_need_nothing" fullname="Gibi.Tests.EditMode.GW_AgeGate.Adults_need_nothing" methodname="Adults_need_nothing" classname="Gibi.Tests.EditMode.GW_AgeGate" runstate="Runnable" seed="1681387801" result="Passed" start-time="2026-08-03 18:44:17Z" end-time="2026-08-03 18:44:17Z" duration="0.000114" asserts="0">
                <properties>
                  <property name="retryIteration" value="0" />
                  <property name="repeatIteration" value="0" />
                </properties>
              </test-case>
              <test-case id="1011" name="Bands_are_computed_from_date_not_a_yes_no_question" fullname="Gibi.Tests.EditMode.GW_AgeGate.Bands_are_computed_from_date_not_a_yes_no_question" methodname="Bands_are_computed_from_date_not_a_yes_no_question" classname="Gibi.Tests.EditMode.GW_AgeGate" runstate="Runnable" seed="1303342348" result="Passed" start-time="2026-08-03 18:44:17Z" end-time="2026-08-03 18:44:17Z" duration="0.000455" asserts="0">
                <properties>
                  <property name="retryIteration" value="0" />
                  <property name="repeatIteration" value="0" />
                </properties>
              </test-case>
              <test-case id="1012" name="Birthday_not_yet_reached_this_year_counts_as_the_younger_age" fullname="Gibi.Tests.EditMode.GW_AgeGate.Birthday_not_yet_reached_this_year_counts_as_the_younger_age" methodname="Birthday_not_yet_reached_this_year_counts_as_the_younger_age" classname="Gibi.Tests.EditMode.GW_AgeGate" runstate="Runnable" seed="2078509137" result="Passed" start-time="2026-08-03 18:44:17Z" end-time="2026-08-03 18:44:17Z" duration="0.000149" asserts="0">
                <properties>
                  <property name="retryIteration" value="0" />
                  <property name="repeatIteration" value="0" />
                </properties>
              </test-case>
              <test-case id="1019" name="Consent_expires_so_forgotten_consent_is_not_consent" fullname="Gibi.Tests.EditMode.GW_AgeGate.Consent_expires_so_forgotten_consent_is_not_consent" methodname="Consent_expires_so_forgotten_consent_is_not_consent" classname="Gibi.Tests.EditMode.GW_AgeGate" runstate="Runnable" seed="1849625156" result="Passed" start-time="2026-08-03 18:44:17Z" end-time="2026-08-03 18:44:17Z" duration="0.000211" asserts="0">
                <properties>
                  <property name="retryIteration" value="0" />
                  <property name="repeatIteration" value="0" />
                </properties>
              </test-case>
              <test-case id="1016" name="Teen_care_context_gates_on_the_teen_knowing_not_on_guardian_consent" fullname="Gibi.Tests.EditMode.GW_AgeGate.Teen_care_context_gates_on_the_teen_knowing_not_on_guardian_consent" methodname="Teen_care_context_gates_on_the_teen_knowing_not_on_guardian_consent" classname="Gibi.Tests.EditMode.GW_AgeGate" runstate="Runnable" seed="24295166" result="Passed" start-time="2026-08-03 18:44:17Z" end-time="2026-08-03 18:44:17Z" duration="0.000203" asserts="0">
                <properties>
                  <property name="retryIteration" value="0" />
                  <property name="repeatIteration" value="0" />
                </properties>
              </test-case>
              <test-case id="1015" name="Teens_need_no_guardian_consent_for_base_play" fullname="Gibi.Tests.EditMode.GW_AgeGate.Teens_need_no_guardian_consent_for_base_play" methodname="Teens_need_no_guardian_consent_for_base_play" classname="Gibi.Tests.EditMode.GW_AgeGate" runstate="Runnable" seed="1033120304" result="Passed" start-time="2026-08-03 18:44:17Z" end-time="2026-08-03 18:44:17Z" duration="0.000119" asserts="0">
                <properties>
                  <property name="retryIteration" value="0" />
                  <property name="repeatIteration" value="0" />
                </properties>
              </test-case>
              <test-case id="1013" name="Under_13_cannot_activate_without_granted_consent" fullname="Gibi.Tests.EditMode.GW_AgeGate.Under_13_cannot_activate_without_granted_consent" methodname="Under_13_cannot_activate_without_granted_consent" classname="Gibi.Tests.EditMode.GW_AgeGate" runstate="Runnable" seed="1504817005" result="Passed" start-time="2026-08-03 18:44:17Z" end-time="2026-08-03 18:44:17Z" duration="0.000332" asserts="0">
                <properties>
                  <property name="retryIteration" value="0" />
                  <property name="repeatIteration" value="0" />
                </properties>
              </test-case>
              <test-case id="1017" name="Under_13_care_context_still_requires_verifiable_consent" fullname="Gibi.Tests.EditMode.GW_AgeGate.Under_13_care_context_still_requires_verifiable_consent" methodname="Under_13_care_context_still_requires_verifiable_consent" classname="Gibi.Tests.EditMode.GW_AgeGate" runstate="Runnable" seed="22131478" result="Passed" start-time="2026-08-03 18:44:17Z" end-time="2026-08-03 18:44:17Z" duration="0.000110" asserts="0">
                <properties>
                  <property name="retryIteration" value="0" />
                  <property name="repeatIteration" value="0" />
                </properties>
              </test-case>
              <test-case id="1014" name="Unknown_or_invalid_age_fails_closed" fullname="Gibi.Tests.EditMode.GW_AgeGate.Unknown_or_invalid_age_fails_closed" methodname="Unknown_or_invalid_age_fails_closed" classname="Gibi.Tests.EditMode.GW_AgeGate" runstate="Runnable" seed="1822024870" result="Passed" start-time="2026-08-03 18:44:17Z" end-time="2026-08-03 18:44:17Z" duration="0.000135" asserts="0">
                <properties>
                  <property name="retryIteration" value="0" />
                  <property name="repeatIteration" value="0" />
                </properties>
              </test-case>
            </test-suite>
            <test-suite type="TestFixture" id="1144" name="GW_API_OpaqueIdentifiers" fullname="Gibi.Tests.EditMode.GW_API_OpaqueIdentifiers" classname="Gibi.Tests.EditMode.GW_API_OpaqueIdentifiers" runstate="Runnable" testcasecount="2" result="Passed" start-time="2026-08-03 18:44:17Z" end-time="2026-08-03 18:44:17Z" duration="0.002035" total="2" passed="2" failed="0" inconclusive="0" skipped="0" asserts="0">
              <properties />
              <test-case id="1146" name="Prefixed_ulid_pattern_is_enforced_per_entity" fullname="Gibi.Tests.EditMode.GW_API_OpaqueIdentifiers.Prefixed_ulid_pattern_is_enforced_per_entity" methodname="Prefixed_ulid_pattern_is_enforced_per_entity" classname="Gibi.Tests.EditMode.GW_API_OpaqueIdentifiers" runstate="Runnable" seed="435321938" result="Passed" start-time="2026-08-03 18:44:17Z" end-time="2026-08-03 18:44:17Z" duration="0.000942" asserts="0">
                <properties>
                  <property name="retryIteration" value="0" />
                  <property name="repeatIteration" value="0" />
                </properties>
              </test-case>
              <test-case id="1145" name="Sequential_database_ids_are_recognised_and_rejectable" fullname="Gibi.Tests.EditMode.GW_API_OpaqueIdentifiers.Sequential_database_ids_are_recognised_and_rejectable" methodname="Sequential_database_ids_are_recognised_and_rejectable" classname="Gibi.Tests.EditMode.GW_API_OpaqueIdentifiers" runstate="Runnable" seed="235099980" result="Passed" start-time="2026-08-03 18:44:17Z" end-time="2026-08-03 18:44:17Z" duration="0.000135" asserts="0">
                <properties>
                  <property name="retryIteration" value="0" />
                  <property name="repeatIteration" value="0" />
                </properties>
              </test-case>
            </test-suite>
            <test-suite type="TestFixture" id="1117" name="GW_AR_002_003_AnchorGating" fullname="Gibi.Tests.EditMode.GW_AR_002_003_AnchorGating" classname="Gibi.Tests.EditMode.GW_AR_002_003_AnchorGating" runstate="Runnable" testcasecount="4" result="Passed" start-time="2026-08-03 18:44:17Z" end-time="2026-08-03 18:44:17Z" duration="0.002741" total="4" passed="4" failed="0" inconclusive="0" skipped="0" asserts="0">
              <properties />
              <test-case id="1120" name="Local_anchor_never_authorises_persistence" fullname="Gibi.Tests.EditMode.GW_AR_002_003_AnchorGating.Local_anchor_never_authorises_persistence" methodname="Local_anchor_never_authorises_persistence" classname="Gibi.Tests.EditMode.GW_AR_002_003_AnchorGating" runstate="Runnable" seed="1231498364" result="Passed" start-time="2026-08-03 18:44:17Z" end-time="2026-08-03 18:44:17Z" duration="0.000451" asserts="0">
                <properties>
                  <property name="retryIteration" value="0" />
                  <property name="repeatIteration" value="0" />
                </properties>
              </test-case>
              <test-case id="1118" name="Ranked_scoring_requires_one_full_second_of_tracking" fullname="Gibi.Tests.EditMode.GW_AR_002_003_AnchorGating.Ranked_scoring_requires_one_full_second_of_tracking" methodname="Ranked_scoring_requires_one_full_second_of_tracking" classname="Gibi.Tests.EditMode.GW_AR_002_003_AnchorGating" runstate="Runnable" seed="1375074293" result="Passed" start-time="2026-08-03 18:44:17Z" end-time="2026-08-03 18:44:17Z" duration="0.000357" asserts="0">
                <properties>
                  <property name="retryIteration" value="0" />
                  <property name="repeatIteration" value="0" />
                </properties>
              </test-case>
              <test-case id="1121" name="Tracking_loss_beyond_three_seconds_invalidates_the_run" fullname="Gibi.Tests.EditMode.GW_AR_002_003_AnchorGating.Tracking_loss_beyond_three_seconds_invalidates_the_run" methodname="Tracking_loss_beyond_three_seconds_invalidates_the_run" classname="Gibi.Tests.EditMode.GW_AR_002_003_AnchorGating" runstate="Runnable" seed="1894738425" result="Passed" start-time="2026-08-03 18:44:17Z" end-time="2026-08-03 18:44:17Z" duration="0.000170" asserts="0">
                <properties>
                  <property name="retryIteration" value="0" />
                  <property name="repeatIteration" value="0" />
                </properties>
              </test-case>
              <test-case id="1119" name="Tracking_loss_degrades_and_pauses_within_250ms" fullname="Gibi.Tests.EditMode.GW_AR_002_003_AnchorGating.Tracking_loss_degrades_and_pauses_within_250ms" methodname="Tracking_loss_degrades_and_pauses_within_250ms" classname="Gibi.Tests.EditMode.GW_AR_002_003_AnchorGating" runstate="Runnable" seed="1252619018" result="Passed" start-time="2026-08-03 18:44:17Z" end-time="2026-08-03 18:44:17Z" duration="0.000147" asserts="0">
                <properties>
                  <property name="retryIteration" value="0" />
                  <property name="repeatIteration" value="0" />
                </properties>
              </test-case>
            </test-suite>
            <test-suite type="TestFixture" id="1111" name="GW_AR_005_QuaternionNormalisation" fullname="Gibi.Tests.EditMode.GW_AR_005_QuaternionNormalisation" classname="Gibi.Tests.EditMode.GW_AR_005_QuaternionNormalisation" runstate="Runnable" testcasecount="5" result="Passed" start-time="2026-08-03 18:44:17Z" end-time="2026-08-03 18:44:17Z" duration="0.002170" total="5" passed="5" failed="0" inconclusive="0" skipped="0" asserts="0">
              <properties />
              <test-case id="1115" name="Denormalised_beyond_1e4_is_rejected" fullname="Gibi.Tests.EditMode.GW_AR_005_QuaternionNormalisation.Denormalised_beyond_1e4_is_rejected" methodname="Denormalised_beyond_1e4_is_rejected" classname="Gibi.Tests.EditMode.GW_AR_005_QuaternionNormalisation" runstate="Runnable" seed="1965568299" result="Passed" start-time="2026-08-03 18:44:17Z" end-time="2026-08-03 18:44:17Z" duration="0.000414" asserts="0">
                <properties>
                  <property name="retryIteration" value="0" />
                  <property name="repeatIteration" value="0" />
                </properties>
              </test-case>
              <test-case id="1114" name="NaN_quaternion_is_rejected" fullname="Gibi.Tests.EditMode.GW_AR_005_QuaternionNormalisation.NaN_quaternion_is_rejected" methodname="NaN_quaternion_is_rejected" classname="Gibi.Tests.EditMode.GW_AR_005_QuaternionNormalisation" runstate="Runnable" seed="836386099" result="Passed" start-time="2026-08-03 18:44:17Z" end-time="2026-08-03 18:44:17Z" duration="0.000100" asserts="0">
                <properties>
                  <property name="retryIteration" value="0" />
                  <property name="repeatIteration" value="0" />
                </properties>
              </test-case>
              <test-case id="1112" name="Normalised_quaternion_is_accepted" fullname="Gibi.Tests.EditMode.GW_AR_005_QuaternionNormalisation.Normalised_quaternion_is_accepted" methodname="Normalised_quaternion_is_accepted" classname="Gibi.Tests.EditMode.GW_AR_005_QuaternionNormalisation" runstate="Runnable" seed="1483225008" result="Passed" start-time="2026-08-03 18:44:17Z" end-time="2026-08-03 18:44:17Z" duration="0.000122" asserts="0">
                <properties>
                  <property name="retryIteration" value="0" />
                  <property name="repeatIteration" value="0" />
                </properties>
              </test-case>
              <test-case id="1116" name="Object_beyond_75m_from_anchor_is_rejected" fullname="Gibi.Tests.EditMode.GW_AR_005_QuaternionNormalisation.Object_beyond_75m_from_anchor_is_rejected" methodname="Object_beyond_75m_from_anchor_is_rejected" classname="Gibi.Tests.EditMode.GW_AR_005_QuaternionNormalisation" runstate="Runnable" seed="1716810390" result="Passed" start-time="2026-08-03 18:44:17Z" end-time="2026-08-03 18:44:17Z" duration="0.000069" asserts="0">
                <properties>
                  <property name="retryIteration" value="0" />
                  <property name="repeatIteration" value="0" />
                </properties>
              </test-case>
              <test-case id="1113" name="Zero_quaternion_is_rejected" fullname="Gibi.Tests.EditMode.GW_AR_005_QuaternionNormalisation.Zero_quaternion_is_rejected" methodname="Zero_quaternion_is_rejected" classname="Gibi.Tests.EditMode.GW_AR_005_QuaternionNormalisation" runstate="Runnable" seed="1875583336" result="Passed" start-time="2026-08-03 18:44:17Z" end-time="2026-08-03 18:44:17Z" duration="0.000179" asserts="0">
                <properties>
                  <property name="retryIteration" value="0" />
                  <property name="repeatIteration" value="0" />
                </properties>
              </test-case>
            </test-suite>
            <test-suite type="TestFixture" id="1122" name="GW_AR_006_007_SurfaceGates" fullname="Gibi.Tests.EditMode.GW_AR_006_007_SurfaceGates" classname="Gibi.Tests.EditMode.GW_AR_006_007_SurfaceGates" runstate="Runnable" testcasecount="4" result="Passed" start-time="2026-08-03 18:44:17Z" end-time="2026-08-03 18:44:17Z" duration="0.002095" total="4" passed="4" failed="0" inconclusive="0" skipped="0" asserts="0">
              <properties />
              <test-case id="1126" name="Clearance_height_is_unchanged_by_purpose" fullname="Gibi.Tests.EditMode.GW_AR_006_007_SurfaceGates.Clearance_height_is_unchanged_by_purpose" methodname="Clearance_height_is_unchanged_by_purpose" classname="Gibi.Tests.EditMode.GW_AR_006_007_SurfaceGates" runstate="Runnable" seed="100214905" result="Passed" start-time="2026-08-03 18:44:17Z" end-time="2026-08-03 18:44:17Z" duration="0.000258" asserts="0">
                <properties>
                  <property name="retryIteration" value="0" />
                  <property name="repeatIteration" value="0" />
                </properties>
              </test-case>
              <test-case id="1125" name="Clearance_requirement_depends_on_purpose" fullname="Gibi.Tests.EditMode.GW_AR_006_007_SurfaceGates.Clearance_requirement_depends_on_purpose" methodname="Clearance_requirement_depends_on_purpose" classname="Gibi.Tests.EditMode.GW_AR_006_007_SurfaceGates" runstate="Runnable" seed="1273133260" result="Passed" start-time="2026-08-03 18:44:17Z" end-time="2026-08-03 18:44:17Z" duration="0.000293" asserts="0">
                <properties>
                  <property name="retryIteration" value="0" />
                  <property name="repeatIteration" value="0" />
                </properties>
              </test-case>
              <test-case id="1123" name="Hazard_tags_reject_placement" fullname="Gibi.Tests.EditMode.GW_AR_006_007_SurfaceGates.Hazard_tags_reject_placement" methodname="Hazard_tags_reject_placement" classname="Gibi.Tests.EditMode.GW_AR_006_007_SurfaceGates" runstate="Runnable" seed="1231729971" result="Passed" start-time="2026-08-03 18:44:17Z" end-time="2026-08-03 18:44:17Z" duration="0.000328" asserts="0">
                <properties>
                  <property name="retryIteration" value="0" />
                  <property name="repeatIteration" value="0" />
                </properties>
              </test-case>
              <test-case id="1124" name="Ranked_gates_use_the_stricter_seven_degree_slope" fullname="Gibi.Tests.EditMode.GW_AR_006_007_SurfaceGates.Ranked_gates_use_the_stricter_seven_degree_slope" methodname="Ranked_gates_use_the_stricter_seven_degree_slope" classname="Gibi.Tests.EditMode.GW_AR_006_007_SurfaceGates" runstate="Runnable" seed="758599772" result="Passed" start-time="2026-08-03 18:44:17Z" end-time="2026-08-03 18:44:17Z" duration="0.000080" asserts="0">
                <properties>
                  <property name="retryIteration" value="0" />
                  <property name="repeatIteration" value="0" />
                </properties>
              </test-case>
            </test-suite>
            <test-suite type="TestFixture" id="1103" name="GW_ASSET_001_SignatureVerification" fullname="Gibi.Tests.EditMode.GW_ASSET_001_SignatureVerification" classname="Gibi.Tests.EditMode.GW_ASSET_001_SignatureVerification" runstate="Runnable" testcasecount="7" result="Passed" start-time="2026-08-03 18:44:17Z" end-time="2026-08-03 18:44:17Z" duration="0.056382" total="7" passed="7" failed="0" inconclusive="0" skipped="0" asserts="0">
              <properties />
              <test-case id="1105" name="A_single_flipped_manifest_byte_invalidates_the_signature" fullname="Gibi.Tests.EditMode.GW_ASSET_001_SignatureVerification.A_single_flipped_manifest_byte_invalidates_the_signature" methodname="A_single_flipped_manifest_byte_invalidates_the_signature" classname="Gibi.Tests.EditMode.GW_ASSET_001_SignatureVerification" runstate="Runnable" seed="1348357432" result="Passed" start-time="2026-08-03 18:44:17Z" end-time="2026-08-03 18:44:17Z" duration="0.020676" asserts="0">
                <properties>
                  <property name="retryIteration" value="0" />
                  <property name="repeatIteration" value="0" />
                </properties>
              </test-case>
              <test-case id="1106" name="A_tampered_signature_is_rejected" fullname="Gibi.Tests.EditMode.GW_ASSET_001_SignatureVerification.A_tampered_signature_is_rejected" methodname="A_tampered_signature_is_rejected" classname="Gibi.Tests.EditMode.GW_ASSET_001_SignatureVerification" runstate="Runnable" seed="12016623" result="Passed" start-time="2026-08-03 18:44:17Z" end-time="2026-08-03 18:44:17Z" duration="0.011888" asserts="0">
                <properties>
                  <property name="retryIteration" value="0" />
                  <property name="repeatIteration" value="0" />
                </properties>
              </test-case>
              <test-case id="1107" name="An_unpinned_key_id_is_rejected_even_with_a_valid_signature" fullname="Gibi.Tests.EditMode.GW_ASSET_001_SignatureVerification.An_unpinned_key_id_is_rejected_even_with_a_valid_signature" methodname="An_unpinned_key_id_is_rejected_even_with_a_valid_signature" classname="Gibi.Tests.EditMode.GW_ASSET_001_SignatureVerification" runstate="Runnable" seed="1546347275" result="Passed" start-time="2026-08-03 18:44:17Z" end-time="2026-08-03 18:44:17Z" duration="0.000258" asserts="0">
                <properties>
                  <property name="retryIteration" value="0" />
                  <property name="repeatIteration" value="0" />
                </properties>
              </test-case>
              <test-case id="1109" name="Malformed_signature_length_is_a_rejection_not_an_exception" fullname="Gibi.Tests.EditMode.GW_ASSET_001_SignatureVerification.Malformed_signature_length_is_a_rejection_not_an_exception" methodname="Malformed_signature_length_is_a_rejection_not_an_exception" classname="Gibi.Tests.EditMode.GW_ASSET_001_SignatureVerification" runstate="Runnable" seed="954671672" result="Passed" start-time="2026-08-03 18:44:17Z" end-time="2026-08-03 18:44:17Z" duration="0.000158" asserts="0">
                <properties>
                  <property name="retryIteration" value="0" />
                  <property name="repeatIteration" value="0" />
                </properties>
              </test-case>
              <test-case id="1104" name="Real_preset_signature_verifies_against_the_pinned_key" fullname="Gibi.Tests.EditMode.GW_ASSET_001_SignatureVerification.Real_preset_signature_verifies_against_the_pinned_key" methodname="Real_preset_signature_verifies_against_the_pinned_key" classname="Gibi.Tests.EditMode.GW_ASSET_001_SignatureVerification" runstate="Runnable" seed="72784184" result="Passed" start-time="2026-08-03 18:44:17Z" end-time="2026-08-03 18:44:17Z" duration="0.008851" asserts="0">
                <properties>
                  <property name="retryIteration" value="0" />
                  <property name="repeatIteration" value="0" />
                </properties>
              </test-case>
              <test-case id="1108" name="Revoking_a_key_takes_effect_immediately" fullname="Gibi.Tests.EditMode.GW_ASSET_001_SignatureVerification.Revoking_a_key_takes_effect_immediately" methodname="Revoking_a_key_takes_effect_immediately" classname="Gibi.Tests.EditMode.GW_ASSET_001_SignatureVerification" runstate="Runnable" seed="1390219410" result="Passed" start-time="2026-08-03 18:44:17Z" end-time="2026-08-03 18:44:17Z" duration="0.012361" asserts="0">
                <properties>
                  <property name="retryIteration" value="0" />
                  <property name="repeatIteration" value="0" />
                </properties>
              </test-case>
              <test-case id="1110" name="Wrong_key_cannot_validate_another_keys_signature" fullname="Gibi.Tests.EditMode.GW_ASSET_001_SignatureVerification.Wrong_key_cannot_validate_another_keys_signature" methodname="Wrong_key_cannot_validate_another_keys_signature" classname="Gibi.Tests.EditMode.GW_ASSET_001_SignatureVerification" runstate="Runnable" seed="1926194095" result="Passed" start-time="2026-08-03 18:44:17Z" end-time="2026-08-03 18:44:17Z" duration="0.000571" asserts="0">
                <properties>
                  <property name="retryIteration" value="0" />
                  <property name="repeatIteration" value="0" />
                </properties>
              </test-case>
            </test-suite>
            <test-suite type="TestFixture" id="1085" name="GW_ASSET_002_ManifestCanonicalization" fullname="Gibi.Tests.EditMode.GW_ASSET_002_ManifestCanonicalization" classname="Gibi.Tests.EditMode.GW_ASSET_002_ManifestCanonicalization" runstate="Runnable" testcasecount="3" result="Passed" start-time="2026-08-03 18:44:17Z" end-time="2026-08-03 18:44:17Z" duration="0.076047" total="3" passed="3" failed="0" inconclusive="0" skipped="0" asserts="0">
              <properties />
              <test-case id="1087" name="Canonical_form_contains_no_whitespace_and_omits_the_signature" fullname="Gibi.Tests.EditMode.GW_ASSET_002_ManifestCanonicalization.Canonical_form_contains_no_whitespace_and_omits_the_signature" methodname="Canonical_form_contains_no_whitespace_and_omits_the_signature" classname="Gibi.Tests.EditMode.GW_ASSET_002_ManifestCanonicalization" runstate="Runnable" seed="169066307" result="Passed" start-time="2026-08-03 18:44:17Z" end-time="2026-08-03 18:44:17Z" duration="0.002281" asserts="0">
                <properties>
                  <property name="retryIteration" value="0" />
                  <property name="repeatIteration" value="0" />
                </properties>
              </test-case>
              <test-case id="1086" name="Shipped_manifest_verifies_through_the_real_canonicalizer" fullname="Gibi.Tests.EditMode.GW_ASSET_002_ManifestCanonicalization.Shipped_manifest_verifies_through_the_real_canonicalizer" methodname="Shipped_manifest_verifies_through_the_real_canonicalizer" classname="Gibi.Tests.EditMode.GW_ASSET_002_ManifestCanonicalization" runstate="Runnable" seed="1653383178" result="Passed" start-time="2026-08-03 18:44:17Z" end-time="2026-08-03 18:44:17Z" duration="0.039729" asserts="0">
                <properties>
                  <property name="retryIteration" value="0" />
                  <property name="repeatIteration" value="0" />
                </properties>
              </test-case>
              <test-case id="1088" name="Tampering_with_the_shipped_manifest_breaks_verification" fullname="Gibi.Tests.EditMode.GW_ASSET_002_ManifestCanonicalization.Tampering_with_the_shipped_manifest_breaks_verification" methodname="Tampering_with_the_shipped_manifest_breaks_verification" classname="Gibi.Tests.EditMode.GW_ASSET_002_ManifestCanonicalization" runstate="Runnable" seed="1519154099" result="Passed" start-time="2026-08-03 18:44:17Z" end-time="2026-08-03 18:44:17Z" duration="0.032895" asserts="0">
                <properties>
                  <property name="retryIteration" value="0" />
                  <property name="repeatIteration" value="0" />
                </properties>
              </test-case>
            </test-suite>
            <test-suite type="TestFixture" id="1038" name="GW_Connectivity" fullname="Gibi.Tests.EditMode.GW_Connectivity" classname="Gibi.Tests.EditMode.GW_Connectivity" runstate="Runnable" testcasecount="12" result="Passed" start-time="2026-08-03 18:44:17Z" end-time="2026-08-03 18:44:17Z" duration="0.004709" total="12" passed="12" failed="0" inconclusive="0" skipped="0" asserts="0">
              <properties />
              <test-case id="1048" name="A_successful_update_poll_also_refreshes_entitlement_freshness" fullname="Gibi.Tests.EditMode.GW_Connectivity.A_successful_update_poll_also_refreshes_entitlement_freshness" methodname="A_successful_update_poll_also_refreshes_entitlement_freshness" classname="Gibi.Tests.EditMode.GW_Connectivity" runstate="Runnable" seed="1850228619" result="Passed" start-time="2026-08-03 18:44:17Z" end-time="2026-08-03 18:44:17Z" duration="0.000272" asserts="0">
                <properties>
                  <property name="retryIteration" value="0" />
                  <property name="repeatIteration" value="0" />
                </properties>
              </test-case>
              <test-case id="1049" name="Failed_poll_does_not_refresh_anything" fullname="Gibi.Tests.EditMode.GW_Connectivity.Failed_poll_does_not_refresh_anything" methodname="Failed_poll_does_not_refresh_anything" classname="Gibi.Tests.EditMode.GW_Connectivity" runstate="Runnable" seed="150084658" result="Passed" start-time="2026-08-03 18:44:17Z" end-time="2026-08-03 18:44:17Z" duration="0.000108" asserts="0">
                <properties>
                  <property name="retryIteration" value="0" />
                  <property name="repeatIteration" value="0" />
                </properties>
              </test-case>
              <test-case id="1047" name="Foregrounding_triggers_a_prompt_update_check" fullname="Gibi.Tests.EditMode.GW_Connectivity.Foregrounding_triggers_a_prompt_update_check" methodname="Foregrounding_triggers_a_prompt_update_check" classname="Gibi.Tests.EditMode.GW_Connectivity" runstate="Runnable" seed="1928783558" result="Passed" start-time="2026-08-03 18:44:17Z" end-time="2026-08-03 18:44:17Z" duration="0.000216" asserts="0">
                <properties>
                  <property name="retryIteration" value="0" />
                  <property name="repeatIteration" value="0" />
                </properties>
              </test-case>
              <test-case id="1044" name="Grace_period_is_silent_and_bounded" fullname="Gibi.Tests.EditMode.GW_Connectivity.Grace_period_is_silent_and_bounded" methodname="Grace_period_is_silent_and_bounded" classname="Gibi.Tests.EditMode.GW_Connectivity" runstate="Runnable" seed="1926518597" result="Passed" start-time="2026-08-03 18:44:17Z" end-time="2026-08-03 18:44:17Z" duration="0.000120" asserts="0">
                <properties>
                  <property name="retryIteration" value="0" />
                  <property name="repeatIteration" value="0" />
                </properties>
              </test-case>
              <test-case id="1045" name="Kill_switch_stops_play_at_the_next_poll_not_the_next_window" fullname="Gibi.Tests.EditMode.GW_Connectivity.Kill_switch_stops_play_at_the_next_poll_not_the_next_window" methodname="Kill_switch_stops_play_at_the_next_poll_not_the_next_window" classname="Gibi.Tests.EditMode.GW_Connectivity" runstate="Runnable" seed="940765262" result="Passed" start-time="2026-08-03 18:44:17Z" end-time="2026-08-03 18:44:17Z" duration="0.000375" asserts="0">
                <properties>
                  <property name="retryIteration" value="0" />
                  <property name="repeatIteration" value="0" />
                </properties>
              </test-case>
              <test-case id="1043" name="Offline_play_does_not_extend_forever" fullname="Gibi.Tests.EditMode.GW_Connectivity.Offline_play_does_not_extend_forever" methodname="Offline_play_does_not_extend_forever" classname="Gibi.Tests.EditMode.GW_Connectivity" runstate="Runnable" seed="796601152" result="Passed" start-time="2026-08-03 18:44:17Z" end-time="2026-08-03 18:44:17Z" duration="0.000154" asserts="0">
                <properties>
                  <property name="retryIteration" value="0" />
                  <property name="repeatIteration" value="0" />
                </properties>
              </test-case>
              <test-case id="1042" name="Play_survives_a_network_drop_mid_session" fullname="Gibi.Tests.EditMode.GW_Connectivity.Play_survives_a_network_drop_mid_session" methodname="Play_survives_a_network_drop_mid_session" classname="Gibi.Tests.EditMode.GW_Connectivity" runstate="Runnable" seed="931300989" result="Passed" start-time="2026-08-03 18:44:17Z" end-time="2026-08-03 18:44:17Z" duration="0.000101" asserts="0">
                <properties>
                  <property name="retryIteration" value="0" />
                  <property name="repeatIteration" value="0" />
                </properties>
              </test-case>
              <test-case id="1041" name="Revocation_takes_effect_immediately_with_no_grace" fullname="Gibi.Tests.EditMode.GW_Connectivity.Revocation_takes_effect_immediately_with_no_grace" methodname="Revocation_takes_effect_immediately_with_no_grace" classname="Gibi.Tests.EditMode.GW_Connectivity" runstate="Runnable" seed="229444357" result="Passed" start-time="2026-08-03 18:44:17Z" end-time="2026-08-03 18:44:17Z" duration="0.000115" asserts="0">
                <properties>
                  <property name="retryIteration" value="0" />
                  <property name="repeatIteration" value="0" />
                </properties>
              </test-case>
              <test-case id="1050" name="Safety_revision_propagates_for_section_9_2_invalidation" fullname="Gibi.Tests.EditMode.GW_Connectivity.Safety_revision_propagates_for_section_9_2_invalidation" methodname="Safety_revision_propagates_for_section_9_2_invalidation" classname="Gibi.Tests.EditMode.GW_Connectivity" runstate="Runnable" seed="748607115" result="Passed" start-time="2026-08-03 18:44:17Z" end-time="2026-08-03 18:44:17Z" duration="0.000086" asserts="0">
                <properties>
                  <property name="retryIteration" value="0" />
                  <property name="repeatIteration" value="0" />
                </properties>
              </test-case>
              <test-case id="1039" name="Session_cannot_start_without_a_successful_check" fullname="Gibi.Tests.EditMode.GW_Connectivity.Session_cannot_start_without_a_successful_check" methodname="Session_cannot_start_without_a_successful_check" classname="Gibi.Tests.EditMode.GW_Connectivity" runstate="Runnable" seed="398614738" result="Passed" start-time="2026-08-03 18:44:17Z" end-time="2026-08-03 18:44:17Z" duration="0.000047" asserts="0">
                <properties>
                  <property name="retryIteration" value="0" />
                  <property name="repeatIteration" value="0" />
                </properties>
              </test-case>
              <test-case id="1040" name="Unreachable_server_is_not_treated_as_permission" fullname="Gibi.Tests.EditMode.GW_Connectivity.Unreachable_server_is_not_treated_as_permission" methodname="Unreachable_server_is_not_treated_as_permission" classname="Gibi.Tests.EditMode.GW_Connectivity" runstate="Runnable" seed="874138614" result="Passed" start-time="2026-08-03 18:44:17Z" end-time="2026-08-03 18:44:17Z" duration="0.000069" asserts="0">
                <properties>
                  <property name="retryIteration" value="0" />
                  <property name="repeatIteration" value="0" />
                </properties>
              </test-case>
              <test-case id="1046" name="Update_polling_is_faster_than_entitlement_revalidation" fullname="Gibi.Tests.EditMode.GW_Connectivity.Update_polling_is_faster_than_entitlement_revalidation" methodname="Update_polling_is_faster_than_entitlement_revalidation" classname="Gibi.Tests.EditMode.GW_Connectivity" runstate="Runnable" seed="1408869625" result="Passed" start-time="2026-08-03 18:44:17Z" end-time="2026-08-03 18:44:17Z" duration="0.000140" asserts="0">
                <properties>
                  <property name="retryIteration" value="0" />
                  <property name="repeatIteration" value="0" />
                </properties>
              </test-case>
            </test-suite>
            <test-suite type="TestFixture" id="1127" name="GW_GAME_001_SafetyOverride" fullname="Gibi.Tests.EditMode.GW_GAME_001_SafetyOverride" classname="Gibi.Tests.EditMode.GW_GAME_001_SafetyOverride" runstate="Runnable" testcasecount="4" result="Passed" start-time="2026-08-03 18:44:17Z" end-time="2026-08-03 18:44:17Z" duration="0.002725" total="4" passed="4" failed="0" inconclusive="0" skipped="0" asserts="0">
              <properties />
              <test-case id="1130" name="Arbiter_evaluates_at_ten_hertz" fullname="Gibi.Tests.EditMode.GW_GAME_001_SafetyOverride.Arbiter_evaluates_at_ten_hertz" methodname="Arbiter_evaluates_at_ten_hertz" classname="Gibi.Tests.EditMode.GW_GAME_001_SafetyOverride" runstate="Runnable" seed="690374204" result="Passed" start-time="2026-08-03 18:44:17Z" end-time="2026-08-03 18:44:17Z" duration="0.000255" asserts="0">
                <properties>
                  <property name="retryIteration" value="0" />
                  <property name="repeatIteration" value="0" />
                </properties>
              </test-case>
              <test-case id="1129" name="Lower_priority_cannot_preempt_a_locked_action" fullname="Gibi.Tests.EditMode.GW_GAME_001_SafetyOverride.Lower_priority_cannot_preempt_a_locked_action" methodname="Lower_priority_cannot_preempt_a_locked_action" classname="Gibi.Tests.EditMode.GW_GAME_001_SafetyOverride" runstate="Runnable" seed="1586220969" result="Passed" start-time="2026-08-03 18:44:17Z" end-time="2026-08-03 18:44:17Z" duration="0.000398" asserts="0">
                <properties>
                  <property name="retryIteration" value="0" />
                  <property name="repeatIteration" value="0" />
                </properties>
              </test-case>
              <test-case id="1131" name="Missing_ai_mapping_falls_back_to_calm_idle_without_error" fullname="Gibi.Tests.EditMode.GW_GAME_001_SafetyOverride.Missing_ai_mapping_falls_back_to_calm_idle_without_error" methodname="Missing_ai_mapping_falls_back_to_calm_idle_without_error" classname="Gibi.Tests.EditMode.GW_GAME_001_SafetyOverride" runstate="Runnable" seed="332111724" result="Passed" start-time="2026-08-03 18:44:17Z" end-time="2026-08-03 18:44:17Z" duration="0.000150" asserts="0">
                <properties>
                  <property name="retryIteration" value="0" />
                  <property name="repeatIteration" value="0" />
                </properties>
              </test-case>
              <test-case id="1128" name="Safety_interrupts_every_lower_priority_layer_immediately" fullname="Gibi.Tests.EditMode.GW_GAME_001_SafetyOverride.Safety_interrupts_every_lower_priority_layer_immediately" methodname="Safety_interrupts_every_lower_priority_layer_immediately" classname="Gibi.Tests.EditMode.GW_GAME_001_SafetyOverride" runstate="Runnable" seed="457594326" result="Passed" start-time="2026-08-03 18:44:17Z" end-time="2026-08-03 18:44:17Z" duration="0.000374" asserts="0">
                <properties>
                  <property name="retryIteration" value="0" />
                  <property name="repeatIteration" value="0" />
                </properties>
              </test-case>
            </test-suite>
            <test-suite type="TestFixture" id="1132" name="GW_GAME_002_FrameRateDeterminism" fullname="Gibi.Tests.EditMode.GW_GAME_002_FrameRateDeterminism" classname="Gibi.Tests.EditMode.GW_GAME_002_FrameRateDeterminism" runstate="Runnable" testcasecount="2" result="Passed" start-time="2026-08-03 18:44:17Z" end-time="2026-08-03 18:44:17Z" duration="0.002744" total="2" passed="2" failed="0" inconclusive="0" skipped="0" asserts="0">
              <properties />
              <test-case id="1134" name="Fixed_timestep_is_exactly_fifty_hertz" fullname="Gibi.Tests.EditMode.GW_GAME_002_FrameRateDeterminism.Fixed_timestep_is_exactly_fifty_hertz" methodname="Fixed_timestep_is_exactly_fifty_hertz" classname="Gibi.Tests.EditMode.GW_GAME_002_FrameRateDeterminism" runstate="Runnable" seed="1139770100" result="Passed" start-time="2026-08-03 18:44:17Z" end-time="2026-08-03 18:44:17Z" duration="0.000536" asserts="0">
                <properties>
                  <property name="retryIteration" value="0" />
                  <property name="repeatIteration" value="0" />
                </properties>
              </test-case>
              <test-case id="1133" name="Locomotion_distance_is_identical_at_30_60_and_120_fps" fullname="Gibi.Tests.EditMode.GW_GAME_002_FrameRateDeterminism.Locomotion_distance_is_identical_at_30_60_and_120_fps" methodname="Locomotion_distance_is_identical_at_30_60_and_120_fps" classname="Gibi.Tests.EditMode.GW_GAME_002_FrameRateDeterminism" runstate="Runnable" seed="1902985564" result="Passed" start-time="2026-08-03 18:44:17Z" end-time="2026-08-03 18:44:17Z" duration="0.000683" asserts="0">
                <properties>
                  <property name="retryIteration" value="0" />
                  <property name="repeatIteration" value="0" />
                </properties>
              </test-case>
            </test-suite>
            <test-suite type="TestFixture" id="1135" name="GW_GAME_003_SweptGateCrossing" fullname="Gibi.Tests.EditMode.GW_GAME_003_SweptGateCrossing" classname="Gibi.Tests.EditMode.GW_GAME_003_SweptGateCrossing" runstate="Runnable" testcasecount="3" result="Passed" start-time="2026-08-03 18:44:17Z" end-time="2026-08-03 18:44:17Z" duration="0.005687" total="3" passed="3" failed="0" inconclusive="0" skipped="0" asserts="0">
              <properties />
              <test-case id="1136" name="Fast_pass_that_skips_the_plane_between_frames_is_still_detected" fullname="Gibi.Tests.EditMode.GW_GAME_003_SweptGateCrossing.Fast_pass_that_skips_the_plane_between_frames_is_still_detected" methodname="Fast_pass_that_skips_the_plane_between_frames_is_still_detected" classname="Gibi.Tests.EditMode.GW_GAME_003_SweptGateCrossing" runstate="Runnable" seed="1076612467" result="Passed" start-time="2026-08-03 18:44:17Z" end-time="2026-08-03 18:44:17Z" duration="0.003386" asserts="0">
                <properties>
                  <property name="retryIteration" value="0" />
                  <property name="repeatIteration" value="0" />
                </properties>
              </test-case>
              <test-case id="1138" name="Out_of_order_crossing_is_flagged" fullname="Gibi.Tests.EditMode.GW_GAME_003_SweptGateCrossing.Out_of_order_crossing_is_flagged" methodname="Out_of_order_crossing_is_flagged" classname="Gibi.Tests.EditMode.GW_GAME_003_SweptGateCrossing" runstate="Runnable" seed="1640118136" result="Passed" start-time="2026-08-03 18:44:17Z" end-time="2026-08-03 18:44:17Z" duration="0.000247" asserts="0">
                <properties>
                  <property name="retryIteration" value="0" />
                  <property name="repeatIteration" value="0" />
                </properties>
              </test-case>
              <test-case id="1137" name="Passing_beside_the_gate_post_does_not_count" fullname="Gibi.Tests.EditMode.GW_GAME_003_SweptGateCrossing.Passing_beside_the_gate_post_does_not_count" methodname="Passing_beside_the_gate_post_does_not_count" classname="Gibi.Tests.EditMode.GW_GAME_003_SweptGateCrossing" runstate="Runnable" seed="599665446" result="Passed" start-time="2026-08-03 18:44:17Z" end-time="2026-08-03 18:44:17Z" duration="0.000136" asserts="0">
                <properties>
                  <property name="retryIteration" value="0" />
                  <property name="repeatIteration" value="0" />
                </properties>
              </test-case>
            </test-suite>
            <test-suite type="TestFixture" id="1089" name="GW_GAME_005_OfflineParity" fullname="Gibi.Tests.EditMode.GW_GAME_005_OfflineParity" classname="Gibi.Tests.EditMode.GW_GAME_005_OfflineParity" runstate="Runnable" testcasecount="9" result="Passed" start-time="2026-08-03 18:44:17Z" end-time="2026-08-03 18:44:17Z" duration="0.011292" total="9" passed="9" failed="0" inconclusive="0" skipped="0" asserts="0">
              <properties />
              <test-case id="1093" name="Absent_AI_changes_nothing" fullname="Gibi.Tests.EditMode.GW_GAME_005_OfflineParity.Absent_AI_changes_nothing" methodname="Absent_AI_changes_nothing" classname="Gibi.Tests.EditMode.GW_GAME_005_OfflineParity" runstate="Runnable" seed="2099407005" result="Passed" start-time="2026-08-03 18:44:17Z" end-time="2026-08-03 18:44:17Z" duration="0.000259" asserts="0">
                <properties>
                  <property name="retryIteration" value="0" />
                  <property name="repeatIteration" value="0" />
                </properties>
              </test-case>
              <test-case id="1095" name="AI_can_never_introduce_an_intent_the_pet_could_not_already_do" fullname="Gibi.Tests.EditMode.GW_GAME_005_OfflineParity.AI_can_never_introduce_an_intent_the_pet_could_not_already_do" methodname="AI_can_never_introduce_an_intent_the_pet_could_not_already_do" classname="Gibi.Tests.EditMode.GW_GAME_005_OfflineParity" runstate="Runnable" seed="1395285232" result="Passed" start-time="2026-08-03 18:44:17Z" end-time="2026-08-03 18:44:17Z" duration="0.000227" asserts="0">
                <properties>
                  <property name="retryIteration" value="0" />
                  <property name="repeatIteration" value="0" />
                </properties>
              </test-case>
              <test-case id="1098" name="Fully_offline_session_yields_the_same_capability_as_a_connected_one" fullname="Gibi.Tests.EditMode.GW_GAME_005_OfflineParity.Fully_offline_session_yields_the_same_capability_as_a_connected_one" methodname="Fully_offline_session_yields_the_same_capability_as_a_connected_one" classname="Gibi.Tests.EditMode.GW_GAME_005_OfflineParity" runstate="Runnable" seed="964997916" result="Passed" start-time="2026-08-03 18:44:17Z" end-time="2026-08-03 18:44:17Z" duration="0.002172" asserts="0">
                <properties>
                  <property name="retryIteration" value="0" />
                  <property name="repeatIteration" value="0" />
                </properties>
              </test-case>
              <test-case id="1094" name="Late_AI_is_treated_exactly_like_absent_AI" fullname="Gibi.Tests.EditMode.GW_GAME_005_OfflineParity.Late_AI_is_treated_exactly_like_absent_AI" methodname="Late_AI_is_treated_exactly_like_absent_AI" classname="Gibi.Tests.EditMode.GW_GAME_005_OfflineParity" runstate="Runnable" seed="1328201248" result="Passed" start-time="2026-08-03 18:44:17Z" end-time="2026-08-03 18:44:17Z" duration="0.000112" asserts="0">
                <properties>
                  <property name="retryIteration" value="0" />
                  <property name="repeatIteration" value="0" />
                </properties>
              </test-case>
              <test-case id="1092" name="Local_choice_is_deterministic_for_the_same_pet_and_state" fullname="Gibi.Tests.EditMode.GW_GAME_005_OfflineParity.Local_choice_is_deterministic_for_the_same_pet_and_state" methodname="Local_choice_is_deterministic_for_the_same_pet_and_state" classname="Gibi.Tests.EditMode.GW_GAME_005_OfflineParity" runstate="Runnable" seed="1447029190" result="Passed" start-time="2026-08-03 18:44:17Z" end-time="2026-08-03 18:44:17Z" duration="0.000065" asserts="0">
                <properties>
                  <property name="retryIteration" value="0" />
                  <property name="repeatIteration" value="0" />
                </properties>
              </test-case>
              <test-case id="1091" name="Local_choice_never_returns_nothing" fullname="Gibi.Tests.EditMode.GW_GAME_005_OfflineParity.Local_choice_never_returns_nothing" methodname="Local_choice_never_returns_nothing" classname="Gibi.Tests.EditMode.GW_GAME_005_OfflineParity" runstate="Runnable" seed="1455868529" result="Passed" start-time="2026-08-03 18:44:17Z" end-time="2026-08-03 18:44:17Z" duration="0.003115" asserts="0">
                <properties>
                  <property name="retryIteration" value="0" />
                  <property name="repeatIteration" value="0" />
                </properties>
              </test-case>
              <test-case id="1090" name="Local_library_covers_every_intent_the_AI_can_propose" fullname="Gibi.Tests.EditMode.GW_GAME_005_OfflineParity.Local_library_covers_every_intent_the_AI_can_propose" methodname="Local_library_covers_every_intent_the_AI_can_propose" classname="Gibi.Tests.EditMode.GW_GAME_005_OfflineParity" runstate="Runnable" seed="201075910" result="Passed" start-time="2026-08-03 18:44:17Z" end-time="2026-08-03 18:44:17Z" duration="0.000278" asserts="0">
                <properties>
                  <property name="retryIteration" value="0" />
                  <property name="repeatIteration" value="0" />
                </properties>
              </test-case>
              <test-case id="1097" name="Missing_AI_is_never_surfaced_to_the_player" fullname="Gibi.Tests.EditMode.GW_GAME_005_OfflineParity.Missing_AI_is_never_surfaced_to_the_player" methodname="Missing_AI_is_never_surfaced_to_the_player" classname="Gibi.Tests.EditMode.GW_GAME_005_OfflineParity" runstate="Runnable" seed="260394639" result="Passed" start-time="2026-08-03 18:44:17Z" end-time="2026-08-03 18:44:17Z" duration="0.000084" asserts="0">
                <properties>
                  <property name="retryIteration" value="0" />
                  <property name="repeatIteration" value="0" />
                </properties>
              </test-case>
              <test-case id="1096" name="Stale_context_revision_is_rejected" fullname="Gibi.Tests.EditMode.GW_GAME_005_OfflineParity.Stale_context_revision_is_rejected" methodname="Stale_context_revision_is_rejected" classname="Gibi.Tests.EditMode.GW_GAME_005_OfflineParity" runstate="Runnable" seed="1810136341" result="Passed" start-time="2026-08-03 18:44:17Z" end-time="2026-08-03 18:44:17Z" duration="0.000240" asserts="0">
                <properties>
                  <property name="retryIteration" value="0" />
                  <property name="repeatIteration" value="0" />
                </properties>
              </test-case>
            </test-suite>
            <test-suite type="TestFixture" id="1099" name="GW_PlacementAccessibility" fullname="Gibi.Tests.EditMode.GW_PlacementAccessibility" classname="Gibi.Tests.EditMode.GW_PlacementAccessibility" runstate="Runnable" testcasecount="3" result="Passed" start-time="2026-08-03 18:44:17Z" end-time="2026-08-03 18:44:17Z" duration="0.005040" total="3" passed="3" failed="0" inconclusive="0" skipped="0" asserts="0">
              <properties />
              <test-case id="1100" name="Every_rejection_carries_an_icon_and_a_label_not_just_a_colour" fullname="Gibi.Tests.EditMode.GW_PlacementAccessibility.Every_rejection_carries_an_icon_and_a_label_not_just_a_colour" methodname="Every_rejection_carries_an_icon_and_a_label_not_just_a_colour" classname="Gibi.Tests.EditMode.GW_PlacementAccessibility" runstate="Runnable" seed="1295885236" result="Passed" start-time="2026-08-03 18:44:17Z" end-time="2026-08-03 18:44:17Z" duration="0.002190" asserts="0">
                <properties>
                  <property name="retryIteration" value="0" />
                  <property name="repeatIteration" value="0" />
                </properties>
              </test-case>
              <test-case id="1102" name="Hazard_rejection_reaches_the_user_as_a_label_not_a_silent_failure" fullname="Gibi.Tests.EditMode.GW_PlacementAccessibility.Hazard_rejection_reaches_the_user_as_a_label_not_a_silent_failure" methodname="Hazard_rejection_reaches_the_user_as_a_label_not_a_silent_failure" classname="Gibi.Tests.EditMode.GW_PlacementAccessibility" runstate="Runnable" seed="1647154033" result="Passed" start-time="2026-08-03 18:44:17Z" end-time="2026-08-03 18:44:17Z" duration="0.000357" asserts="0">
                <properties>
                  <property name="retryIteration" value="0" />
                  <property name="repeatIteration" value="0" />
                </properties>
              </test-case>
              <test-case id="1101" name="Passenger_safe_mode_is_announced_accessibly" fullname="Gibi.Tests.EditMode.GW_PlacementAccessibility.Passenger_safe_mode_is_announced_accessibly" methodname="Passenger_safe_mode_is_announced_accessibly" classname="Gibi.Tests.EditMode.GW_PlacementAccessibility" runstate="Runnable" seed="175326157" result="Passed" start-time="2026-08-03 18:44:17Z" end-time="2026-08-03 18:44:17Z" duration="0.000265" asserts="0">
                <properties>
                  <property name="retryIteration" value="0" />
                  <property name="repeatIteration" value="0" />
                </properties>
              </test-case>
            </test-suite>
            <test-suite type="TestFixture" id="1142" name="GW_SafetyGate_PassengerMode" fullname="Gibi.Tests.EditMode.GW_SafetyGate_PassengerMode" classname="Gibi.Tests.EditMode.GW_SafetyGate_PassengerMode" runstate="Runnable" testcasecount="1" result="Passed" start-time="2026-08-03 18:44:17Z" end-time="2026-08-03 18:44:17Z" duration="0.033731" total="1" passed="1" failed="0" inconclusive="0" skipped="0" asserts="0">
              <properties />
              <test-case id="1143" name="Sustained_speed_above_threshold_enters_passenger_safe_mode" fullname="Gibi.Tests.EditMode.GW_SafetyGate_PassengerMode.Sustained_speed_above_threshold_enters_passenger_safe_mode" methodname="Sustained_speed_above_threshold_enters_passenger_safe_mode" classname="Gibi.Tests.EditMode.GW_SafetyGate_PassengerMode" runstate="Runnable" seed="398314443" result="Passed" start-time="2026-08-03 18:44:17Z" end-time="2026-08-03 18:44:17Z" duration="0.000385" asserts="0">
                <properties>
                  <property name="retryIteration" value="0" />
                  <property name="repeatIteration" value="0" />
                </properties>
              </test-case>
            </test-suite>
            <test-suite type="TestFixture" id="1139" name="GW_SEC_ConstantTimeDigest" fullname="Gibi.Tests.EditMode.GW_SEC_ConstantTimeDigest" classname="Gibi.Tests.EditMode.GW_SEC_ConstantTimeDigest" runstate="Runnable" testcasecount="2" result="Passed" start-time="2026-08-03 18:44:17Z" end-time="2026-08-03 18:44:17Z" duration="0.001032" total="2" passed="2" failed="0" inconclusive="0" skipped="0" asserts="0">
              <properties />
              <test-case id="1140" name="Digest_comparison_rejects_mismatch" fullname="Gibi.Tests.EditMode.GW_SEC_ConstantTimeDigest.Digest_comparison_rejects_mismatch" methodname="Digest_comparison_rejects_mismatch" classname="Gibi.Tests.EditMode.GW_SEC_ConstantTimeDigest" runstate="Runnable" seed="252076736" result="Passed" start-time="2026-08-03 18:44:17Z" end-time="2026-08-03 18:44:17Z" duration="0.000283" asserts="0">
                <properties>
                  <property name="retryIteration" value="0" />
                  <property name="repeatIteration" value="0" />
                </properties>
              </test-case>
              <test-case id="1141" name="Transfer_limit_is_45_mebibytes" fullname="Gibi.Tests.EditMode.GW_SEC_ConstantTimeDigest.Transfer_limit_is_45_mebibytes" methodname="Transfer_limit_is_45_mebibytes" classname="Gibi.Tests.EditMode.GW_SEC_ConstantTimeDigest" runstate="Runnable" seed="2136062203" result="Passed" start-time="2026-08-03 18:44:17Z" end-time="2026-08-03 18:44:17Z" duration="0.000075" asserts="0">
                <properties>
                  <property name="retryIteration" value="0" />
                  <property name="repeatIteration" value="0" />
                </properties>
              </test-case>
            </test-suite>
            <test-suite type="TestFixture" id="1072" name="ModifierClamping" fullname="Gibi.Tests.EditMode.ModifierClamping" classname="Gibi.Tests.EditMode.ModifierClamping" runstate="Runnable" testcasecount="4" result="Passed" start-time="2026-08-03 18:44:17Z" end-time="2026-08-03 18:44:17Z" duration="0.001163" total="4" passed="4" failed="0" inconclusive="0" skipped="0" asserts="0">
              <properties />
              <test-case id="1075" name="A_hesitant_approach_cannot_have_zero_latency" fullname="Gibi.Tests.EditMode.ModifierClamping.A_hesitant_approach_cannot_have_zero_latency" methodname="A_hesitant_approach_cannot_have_zero_latency" classname="Gibi.Tests.EditMode.ModifierClamping" runstate="Runnable" seed="97121607" result="Passed" start-time="2026-08-03 18:44:17Z" end-time="2026-08-03 18:44:17Z" duration="0.000197" asserts="0">
                <properties>
                  <property name="retryIteration" value="0" />
                  <property name="repeatIteration" value="0" />
                </properties>
              </test-case>
              <test-case id="1073" name="An_intent_cap_beats_a_requested_intensity" fullname="Gibi.Tests.EditMode.ModifierClamping.An_intent_cap_beats_a_requested_intensity" methodname="An_intent_cap_beats_a_requested_intensity" classname="Gibi.Tests.EditMode.ModifierClamping" runstate="Runnable" seed="1010097162" result="Passed" start-time="2026-08-03 18:44:17Z" end-time="2026-08-03 18:44:17Z" duration="0.000092" asserts="0">
                <properties>
                  <property name="retryIteration" value="0" />
                  <property name="repeatIteration" value="0" />
                </properties>
              </test-case>
              <test-case id="1074" name="NaN_intensity_falls_to_the_calmest_value" fullname="Gibi.Tests.EditMode.ModifierClamping.NaN_intensity_falls_to_the_calmest_value" methodname="NaN_intensity_falls_to_the_calmest_value" classname="Gibi.Tests.EditMode.ModifierClamping" runstate="Runnable" seed="2036445810" result="Passed" start-time="2026-08-03 18:44:17Z" end-time="2026-08-03 18:44:17Z" duration="0.000083" asserts="0">
                <properties>
                  <property name="retryIteration" value="0" />
                  <property name="repeatIteration" value="0" />
                </properties>
              </test-case>
              <test-case id="1076" name="Out_of_range_values_are_narrowed_never_honoured" fullname="Gibi.Tests.EditMode.ModifierClamping.Out_of_range_values_are_narrowed_never_honoured" methodname="Out_of_range_values_are_narrowed_never_honoured" classname="Gibi.Tests.EditMode.ModifierClamping" runstate="Runnable" seed="123770335" result="Passed" start-time="2026-08-03 18:44:17Z" end-time="2026-08-03 18:44:17Z" duration="0.000094" asserts="0">
                <properties>
                  <property name="retryIteration" value="0" />
                  <property name="repeatIteration" value="0" />
                </properties>
              </test-case>
            </test-suite>
            <test-suite type="TestFixture" id="1051" name="PolicyDeterminism" fullname="Gibi.Tests.EditMode.PolicyDeterminism" classname="Gibi.Tests.EditMode.PolicyDeterminism" runstate="Runnable" testcasecount="3" result="Passed" start-time="2026-08-03 18:44:17Z" end-time="2026-08-03 18:44:17Z" duration="0.001485" total="3" passed="3" failed="0" inconclusive="0" skipped="0" asserts="0">
              <properties />
[...]
                </properties>
              </test-case>
              <test-case id="1380" name="SafePath_InvalidRootPath_ReturnsError" fullname="UnitySkills.Tests.Core.ValidateTests.SafePath_InvalidRootPath_ReturnsError" methodname="SafePath_InvalidRootPath_ReturnsError" classname="UnitySkills.Tests.Core.ValidateTests" runstate="Runnable" seed="2007458879" result="Passed" start-time="2026-08-03 18:44:31Z" end-time="2026-08-03 18:44:31Z" duration="0.000064" asserts="0">
                <properties>
                  <property name="retryIteration" value="0" />
                  <property name="repeatIteration" value="0" />
                </properties>
              </test-case>
              <test-case id="1374" name="SafePath_NullPath_ReturnsError" fullname="UnitySkills.Tests.Core.ValidateTests.SafePath_NullPath_ReturnsError" methodname="SafePath_NullPath_ReturnsError" classname="UnitySkills.Tests.Core.ValidateTests" runstate="Runnable" seed="1847977911" result="Passed" start-time="2026-08-03 18:44:31Z" end-time="2026-08-03 18:44:31Z" duration="0.000086" asserts="0">
                <properties>
                  <property name="retryIteration" value="0" />
                  <property name="repeatIteration" value="0" />
                </properties>
              </test-case>
              <test-case id="1376" name="SafePath_PathTraversal_ReturnsError" fullname="UnitySkills.Tests.Core.ValidateTests.SafePath_PathTraversal_ReturnsError" methodname="SafePath_PathTraversal_ReturnsError" classname="UnitySkills.Tests.Core.ValidateTests" runstate="Runnable" seed="2110655237" result="Passed" start-time="2026-08-03 18:44:31Z" end-time="2026-08-03 18:44:31Z" duration="0.000083" asserts="0">
                <properties>
                  <property name="retryIteration" value="0" />
                  <property name="repeatIteration" value="0" />
                </properties>
              </test-case>
              <test-case id="1377" name="SafePath_PathTraversalDoubleDot_ReturnsError" fullname="UnitySkills.Tests.Core.ValidateTests.SafePath_PathTraversalDoubleDot_ReturnsError" methodname="SafePath_PathTraversalDoubleDot_ReturnsError" classname="UnitySkills.Tests.Core.ValidateTests" runstate="Runnable" seed="1908196796" result="Passed" start-time="2026-08-03 18:44:31Z" end-time="2026-08-03 18:44:31Z" duration="0.000061" asserts="0">
                <properties>
                  <property name="retryIteration" value="0" />
                  <property name="repeatIteration" value="0" />
                </properties>
              </test-case>
              <test-case id="1378" name="SafePath_ValidAssetsPath_ReturnsNull" fullname="UnitySkills.Tests.Core.ValidateTests.SafePath_ValidAssetsPath_ReturnsNull" methodname="SafePath_ValidAssetsPath_ReturnsNull" classname="UnitySkills.Tests.Core.ValidateTests" runstate="Runnable" seed="642136231" result="Passed" start-time="2026-08-03 18:44:31Z" end-time="2026-08-03 18:44:31Z" duration="0.000054" asserts="0">
                <properties>
                  <property name="retryIteration" value="0" />
                  <property name="repeatIteration" value="0" />
                </properties>
              </test-case>
              <test-case id="1379" name="SafePath_ValidPackagesPath_ReturnsNull" fullname="UnitySkills.Tests.Core.ValidateTests.SafePath_ValidPackagesPath_ReturnsNull" methodname="SafePath_ValidPackagesPath_ReturnsNull" classname="UnitySkills.Tests.Core.ValidateTests" runstate="Runnable" seed="835977006" result="Passed" start-time="2026-08-03 18:44:31Z" end-time="2026-08-03 18:44:31Z" duration="0.000034" asserts="0">
                <properties>
                  <property name="retryIteration" value="0" />
                  <property name="repeatIteration" value="0" />
                </properties>
              </test-case>
              <test-case id="1389" name="WorkflowHistoryData_EnsureDefaults_PreservesSchemaAndInitializesCollections" fullname="UnitySkills.Tests.Core.ValidateTests.WorkflowHistoryData_EnsureDefaults_PreservesSchemaAndInitializesCollections" methodname="WorkflowHistoryData_EnsureDefaults_PreservesSchemaAndInitializesCollections" classname="UnitySkills.Tests.Core.ValidateTests" runstate="Runnable" seed="264555200" result="Passed" start-time="2026-08-03 18:44:31Z" end-time="2026-08-03 18:44:31Z" duration="0.000131" asserts="0">
                <properties>
                  <property name="retryIteration" value="0" />
                  <property name="repeatIteration" value="0" />
                </properties>
              </test-case>
            </test-suite>
            <test-suite type="TestFixture" id="1390" name="WorkflowBackupResilienceTests" fullname="UnitySkills.Tests.Core.WorkflowBackupResilienceTests" classname="UnitySkills.Tests.Core.WorkflowBackupResilienceTests" runstate="Runnable" testcasecount="4" result="Passed" start-time="2026-08-03 18:44:31Z" end-time="2026-08-03 18:44:32Z" duration="1.317097" total="4" passed="4" failed="0" inconclusive="0" skipped="0" asserts="0">
              <properties />
              <test-case id="1392" name="LoadHistory_CorruptMainFile_QuarantinesFileAndSuppressesGC" fullname="UnitySkills.Tests.Core.WorkflowBackupResilienceTests.LoadHistory_CorruptMainFile_QuarantinesFileAndSuppressesGC" methodname="LoadHistory_CorruptMainFile_QuarantinesFileAndSuppressesGC" classname="UnitySkills.Tests.Core.WorkflowBackupResilienceTests" runstate="Runnable" seed="1734435684" result="Passed" start-time="2026-08-03 18:44:31Z" end-time="2026-08-03 18:44:31Z" duration="0.282266" asserts="0">
                <properties>
                  <property name="retryIteration" value="0" />
                  <property name="repeatIteration" value="0" />
                </properties>
              </test-case>
              <test-case id="1391" name="RecordingTask_UncommittedBlob_SurvivesTrim_BecauseInFlightTaskIsReferenced" fullname="UnitySkills.Tests.Core.WorkflowBackupResilienceTests.RecordingTask_UncommittedBlob_SurvivesTrim_BecauseInFlightTaskIsReferenced" methodname="RecordingTask_UncommittedBlob_SurvivesTrim_BecauseInFlightTaskIsReferenced" classname="UnitySkills.Tests.Core.WorkflowBackupResilienceTests" runstate="Runnable" seed="360797843" result="Passed" start-time="2026-08-03 18:44:31Z" end-time="2026-08-03 18:44:31Z" duration="0.539055" asserts="0">
                <properties>
                  <property name="retryIteration" value="0" />
                  <property name="repeatIteration" value="0" />
                </properties>
              </test-case>
              <test-case id="1394" name="RestoreFile_TamperedBlob_ReturnsFalseAndQuarantinesTheBlob" fullname="UnitySkills.Tests.Core.WorkflowBackupResilienceTests.RestoreFile_TamperedBlob_ReturnsFalseAndQuarantinesTheBlob" methodname="RestoreFile_TamperedBlob_ReturnsFalseAndQuarantinesTheBlob" classname="UnitySkills.Tests.Core.WorkflowBackupResilienceTests" runstate="Runnable" seed="1241837575" result="Passed" start-time="2026-08-03 18:44:31Z" end-time="2026-08-03 18:44:32Z" duration="0.235513" asserts="0">
                <properties>
                  <property name="retryIteration" value="0" />
                  <property name="repeatIteration" value="0" />
                </properties>
              </test-case>
              <test-case id="1393" name="SaveHistory_PreviousMainFileIsKeptAsBak" fullname="UnitySkills.Tests.Core.WorkflowBackupResilienceTests.SaveHistory_PreviousMainFileIsKeptAsBak" methodname="SaveHistory_PreviousMainFileIsKeptAsBak" classname="UnitySkills.Tests.Core.WorkflowBackupResilienceTests" runstate="Runnable" seed="1448881830" result="Passed" start-time="2026-08-03 18:44:32Z" end-time="2026-08-03 18:44:32Z" duration="0.232904" asserts="0">
                <properties>
                  <property name="retryIteration" value="0" />
                  <property name="repeatIteration" value="0" />
                </properties>
              </test-case>
            </test-suite>
            <test-suite type="TestFixture" id="1395" name="WorkflowBookmarkTests" fullname="UnitySkills.Tests.Core.WorkflowBookmarkTests" classname="UnitySkills.Tests.Core.WorkflowBookmarkTests" runstate="Runnable" testcasecount="1" result="Passed" start-time="2026-08-03 18:44:32Z" end-time="2026-08-03 18:44:32Z" duration="0.007804" total="1" passed="1" failed="0" inconclusive="0" skipped="0" asserts="0">
              <properties />
              <test-case id="1396" name="BookmarkSet_ThenBookmarkList_ReturnsCreatedBookmark" fullname="UnitySkills.Tests.Core.WorkflowBookmarkTests.BookmarkSet_ThenBookmarkList_ReturnsCreatedBookmark" methodname="BookmarkSet_ThenBookmarkList_ReturnsCreatedBookmark" classname="UnitySkills.Tests.Core.WorkflowBookmarkTests" runstate="Runnable" seed="827266027" result="Passed" start-time="2026-08-03 18:44:32Z" end-time="2026-08-03 18:44:32Z" duration="0.006352" asserts="0">
                <properties>
                  <property name="retryIteration" value="0" />
                  <property name="repeatIteration" value="0" />
                </properties>
              </test-case>
            </test-suite>
            <test-suite type="TestFixture" id="1397" name="WorkflowPersistenceTests" fullname="UnitySkills.Tests.Core.WorkflowPersistenceTests" classname="UnitySkills.Tests.Core.WorkflowPersistenceTests" runstate="Runnable" testcasecount="14" result="Passed" start-time="2026-08-03 18:44:32Z" end-time="2026-08-03 18:44:37Z" duration="5.269208" total="14" passed="14" failed="0" inconclusive="0" skipped="0" asserts="0">
              <properties />
              <test-case id="1410" name="AutoClean_AgeLimitDoesNotDeleteOldReferencedBlob" fullname="UnitySkills.Tests.Core.WorkflowPersistenceTests.AutoClean_AgeLimitDoesNotDeleteOldReferencedBlob" methodname="AutoClean_AgeLimitDoesNotDeleteOldReferencedBlob" classname="UnitySkills.Tests.Core.WorkflowPersistenceTests" runstate="Runnable" seed="649488114" result="Passed" start-time="2026-08-03 18:44:32Z" end-time="2026-08-03 18:44:32Z" duration="0.373684" asserts="0">
                <properties>
                  <property name="retryIteration" value="0" />
                  <property name="repeatIteration" value="0" />
                </properties>
                <output><![CDATA[<color=#E091FF>[UnitySkills]</color> Reclaimed 1 unreferenced store entries (5 B)
<color=#E091FF>[UnitySkills]</color> Trimmed 0 tasks, reclaimed 5 B from file store
]]></output>
              </test-case>
              <test-case id="1409" name="AutoClean_ZeroLimitsDoNotDeleteReferencedBlob" fullname="UnitySkills.Tests.Core.WorkflowPersistenceTests.AutoClean_ZeroLimitsDoNotDeleteReferencedBlob" methodname="AutoClean_ZeroLimitsDoNotDeleteReferencedBlob" classname="UnitySkills.Tests.Core.WorkflowPersistenceTests" runstate="Runnable" seed="753115030" result="Passed" start-time="2026-08-03 18:44:32Z" end-time="2026-08-03 18:44:33Z" duration="0.366347" asserts="0">
                <properties>
                  <property name="retryIteration" value="0" />
                  <property name="repeatIteration" value="0" />
                </properties>
              </test-case>
              <test-case id="1403" name="CreatedComponent_UndoTargetsExactInstanceWhenTypeIsDuplicated" fullname="UnitySkills.Tests.Core.WorkflowPersistenceTests.CreatedComponent_UndoTargetsExactInstanceWhenTypeIsDuplicated" methodname="CreatedComponent_UndoTargetsExactInstanceWhenTypeIsDuplicated" classname="UnitySkills.Tests.Core.WorkflowPersistenceTests" runstate="Runnable" seed="1964921632" result="Passed" start-time="2026-08-03 18:44:33Z" end-time="2026-08-03 18:44:33Z" duration="0.244257" asserts="0">
                <properties>
                  <property name="retryIteration" value="0" />
                  <property name="repeatIteration" value="0" />
                </properties>
              </test-case>
              <test-case id="1398" name="FileStore_UsesIndependentMetaHashes" fullname="UnitySkills.Tests.Core.WorkflowPersistenceTests.FileStore_UsesIndependentMetaHashes" methodname="FileStore_UsesIndependentMetaHashes" classname="UnitySkills.Tests.Core.WorkflowPersistenceTests" runstate="Runnable" seed="1313213678" result="Passed" start-time="2026-08-03 18:44:33Z" end-time="2026-08-03 18:44:33Z" duration="0.386855" asserts="0">
                <properties>
                  <property name="retryIteration" value="0" />
                  <property name="repeatIteration" value="0" />
                </properties>
              </test-case>
              <test-case id="1407" name="LegacyBase64_LoadMigratesBlobAndClearsInlinePayload" fullname="UnitySkills.Tests.Core.WorkflowPersistenceTests.LegacyBase64_LoadMigratesBlobAndClearsInlinePayload" methodname="LegacyBase64_LoadMigratesBlobAndClearsInlinePayload" classname="UnitySkills.Tests.Core.WorkflowPersistenceTests" runstate="Runnable" seed="1778630616" result="Passed" start-time="2026-08-03 18:44:33Z" end-time="2026-08-03 18:44:34Z" duration="0.232612" asserts="0">
                <properties>
                  <property name="retryIteration" value="0" />
                  <property name="repeatIteration" value="0" />
                </properties>
              </test-case>
              <test-case id="1402" name="ModifiedComponent_UndoRedo_PreservesSceneObjectReferences" fullname="UnitySkills.Tests.Core.WorkflowPersistenceTests.ModifiedComponent_UndoRedo_PreservesSceneObjectReferences" methodname="ModifiedComponent_UndoRedo_PreservesSceneObjectReferences" classname="UnitySkills.Tests.Core.WorkflowPersistenceTests" runstate="Runnable" seed="1878241966" result="Passed" start-time="2026-08-03 18:44:34Z" end-time="2026-08-03 18:44:34Z" duration="0.243561" asserts="0">
                <properties>
                  <property name="retryIteration" value="0" />
                  <property name="repeatIteration" value="0" />
                </properties>
              </test-case>
              <test-case id="1399" name="NonEmptyFolder_DeleteUndoRedo_RestoresContentsAndMeta" fullname="UnitySkills.Tests.Core.WorkflowPersistenceTests.NonEmptyFolder_DeleteUndoRedo_RestoresContentsAndMeta" methodname="NonEmptyFolder_DeleteUndoRedo_RestoresContentsAndMeta" classname="UnitySkills.Tests.Core.WorkflowPersistenceTests" runstate="Runnable" seed="1251570378" result="Passed" start-time="2026-08-03 18:44:34Z" end-time="2026-08-03 18:44:35Z" duration="0.835442" asserts="0">
                <properties>
                  <property name="retryIteration" value="0" />
                  <property name="repeatIteration" value="0" />
                </properties>
              </test-case>
              <test-case id="1406" name="RouterLogicalFailure_AbortsWorkflowAndRevertsMutationGroup" fullname="UnitySkills.Tests.Core.WorkflowPersistenceTests.RouterLogicalFailure_AbortsWorkflowAndRevertsMutationGroup" methodname="RouterLogicalFailure_AbortsWorkflowAndRevertsMutationGroup" classname="UnitySkills.Tests.Core.WorkflowPersistenceTests" runstate="Runnable" seed="2018041062" result="Passed" start-time="2026-08-03 18:44:35Z" end-time="2026-08-03 18:44:35Z" duration="0.367313" asserts="0">
                <properties>
                  <property name="retryIteration" value="0" />
                  <property name="repeatIteration" value="0" />
                </properties>
              </test-case>
              <test-case id="1401" name="SceneComponent_DeleteUndoRedo_RestoresSerializedState" fullname="UnitySkills.Tests.Core.WorkflowPersistenceTests.SceneComponent_DeleteUndoRedo_RestoresSerializedState" methodname="SceneComponent_DeleteUndoRedo_RestoresSerializedState" classname="UnitySkills.Tests.Core.WorkflowPersistenceTests" runstate="Runnable" seed="1618022039" result="Passed" start-time="2026-08-03 18:44:35Z" end-time="2026-08-03 18:44:35Z" duration="0.233135" asserts="0">
                <properties>
                  <property name="retryIteration" value="0" />
                  <property name="repeatIteration" value="0" />
                </properties>
              </test-case>
              <test-case id="1400" name="SceneGameObject_DeleteUndoRedo_RestoresHierarchyAndComponents" fullname="UnitySkills.Tests.Core.WorkflowPersistenceTests.SceneGameObject_DeleteUndoRedo_RestoresHierarchyAndComponents" methodname="SceneGameObject_DeleteUndoRedo_RestoresHierarchyAndComponents" classname="UnitySkills.Tests.Core.WorkflowPersistenceTests" runstate="Runnable" seed="1392196916" result="Passed" start-time="2026-08-03 18:44:35Z" end-time="2026-08-03 18:44:35Z" duration="0.238498" asserts="0">
                <properties>
                  <property name="retryIteration" value="0" />
                  <property name="repeatIteration" value="0" />
                </properties>
              </test-case>
              <test-case id="1411" name="Schema_RequiresInputMatchingStringParameter_IsRequired" fullname="UnitySkills.Tests.Core.WorkflowPersistenceTests.Schema_RequiresInputMatchingStringParameter_IsRequired" methodname="Schema_RequiresInputMatchingStringParameter_IsRequired" classname="UnitySkills.Tests.Core.WorkflowPersistenceTests" runstate="Runnable" seed="1340939536" result="Passed" start-time="2026-08-03 18:44:35Z" end-time="2026-08-03 18:44:36Z" duration="0.259990" asserts="0">
                <properties>
                  <property name="retryIteration" value="0" />
                  <property name="repeatIteration" value="0" />
                </properties>
              </test-case>
              <test-case id="1408" name="Schema3_LoadMigratesLegacyMetaSidecarToIndependentBlob" fullname="UnitySkills.Tests.Core.WorkflowPersistenceTests.Schema3_LoadMigratesLegacyMetaSidecarToIndependentBlob" methodname="Schema3_LoadMigratesLegacyMetaSidecarToIndependentBlob" classname="UnitySkills.Tests.Core.WorkflowPersistenceTests" runstate="Runnable" seed="2087318518" result="Passed" start-time="2026-08-03 18:44:36Z" end-time="2026-08-03 18:44:36Z" duration="0.325407" asserts="0">
                <properties>
                  <property name="retryIteration" value="0" />
                  <property name="repeatIteration" value="0" />
                </properties>
              </test-case>
              <test-case id="1404" name="SnapshotSequence_PreservesMoveChainInsteadOfOverwriting" fullname="UnitySkills.Tests.Core.WorkflowPersistenceTests.SnapshotSequence_PreservesMoveChainInsteadOfOverwriting" methodname="SnapshotSequence_PreservesMoveChainInsteadOfOverwriting" classname="UnitySkills.Tests.Core.WorkflowPersistenceTests" runstate="Runnable" seed="763620422" result="Passed" start-time="2026-08-03 18:44:36Z" end-time="2026-08-03 18:44:37Z" duration="0.922972" asserts="0">
                <properties>
                  <property name="retryIteration" value="0" />
                  <property name="repeatIteration" value="0" />
                </properties>
              </test-case>
              <test-case id="1405" name="UndoPartialFailure_SplitsSucceededAndRetryableSnapshotsAcrossStacks" fullname="UnitySkills.Tests.Core.WorkflowPersistenceTests.UndoPartialFailure_SplitsSucceededAndRetryableSnapshotsAcrossStacks" methodname="UndoPartialFailure_SplitsSucceededAndRetryableSnapshotsAcrossStacks" classname="UnitySkills.Tests.Core.WorkflowPersistenceTests" runstate="Runnable" seed="968294620" result="Passed" start-time="2026-08-03 18:44:37Z" end-time="2026-08-03 18:44:37Z" duration="0.236206" asserts="0">
                <properties>
                  <property name="retryIteration" value="0" />
                  <property name="repeatIteration" value="0" />
                </properties>
                <output><![CDATA[Saving results to: /Users/robert/Library/Application Support/GibiWorld/GibiWorld/TestResults.xml
]]></output>
              </test-case>
            </test-suite>
          </test-suite>
        </test-suite>
      </test-suite>
    </test-suite>
  </test-suite>
</test-run>