<?xml version="1.0" encoding="utf-8"?>
<test-run id="2" testcasecount="337" result="Passed" total="337" passed="337" failed="0" inconclusive="0" skipped="0" asserts="0" engine-version="3.5.0.0" clr-version="4.0.30319.42000" start-time="2026-08-03 18:57:41Z" end-time="2026-08-03 18:57:57Z" duration="15.6359546">
  <test-suite type="TestSuite" id="1000" name="GibiWorld" fullname="GibiWorld" runstate="Runnable" testcasecount="337" result="Passed" start-time="2026-08-03 18:57:41Z" end-time="2026-08-03 18:57:57Z" duration="15.635955" total="337" passed="337" failed="0" inconclusive="0" skipped="0" asserts="0">
    <properties>
      <property name="platform" value="EditMode" />
    </properties>
    <test-suite type="Assembly" id="1149" name="Gibi.Tests.EditMode.dll" fullname="/Users/robert/gibiworld/clients/gw-mobile/Library/ScriptAssemblies/Gibi.Tests.EditMode.dll" runstate="Runnable" testcasecount="118" result="Passed" start-time="2026-08-03 18:57:41Z" end-time="2026-08-03 18:57:42Z" duration="0.310245" total="118" passed="118" failed="0" inconclusive="0" skipped="0" asserts="0">
      <properties>
        <property name="_PID" value="15714" />
        <property name="_APPDOMAIN" value="Unity Child Domain" />
        <property name="platform" value="EditMode" />
        <property name="EditorOnly" value="True" />
      </properties>
      <test-suite type="TestSuite" id="1150" name="Gibi" fullname="Gibi" runstate="Runnable" testcasecount="118" result="Passed" start-time="2026-08-03 18:57:41Z" end-time="2026-08-03 18:57:42Z" duration="0.309256" total="118" passed="118" failed="0" inconclusive="0" skipped="0" asserts="0">
        <properties />
        <test-suite type="TestSuite" id="1151" name="Tests" fullname="Gibi.Tests" runstate="Runnable" testcasecount="118" result="Passed" start-time="2026-08-03 18:57:41Z" end-time="2026-08-03 18:57:42Z" duration="0.308360" total="118" passed="118" failed="0" inconclusive="0" skipped="0" asserts="0">
          <properties />
          <test-suite type="TestSuite" id="1152" name="EditMode" fullname="Gibi.Tests.EditMode" runstate="Runnable" testcasecount="111" result="Passed" start-time="2026-08-03 18:57:41Z" end-time="2026-08-03 18:57:42Z" duration="0.302985" total="111" passed="111" failed="0" inconclusive="0" skipped="0" asserts="0">
            <properties />
            <test-suite type="TestFixture" id="1020" name="CareProfileComposition" fullname="Gibi.Tests.EditMode.CareProfileComposition" classname="Gibi.Tests.EditMode.CareProfileComposition" runstate="Runnable" testcasecount="4" result="Passed" start-time="2026-08-03 18:57:41Z" end-time="2026-08-03 18:57:41Z" duration="0.016544" total="4" passed="4" failed="0" inconclusive="0" skipped="0" asserts="0">
              <properties />
              <test-case id="1022" name="Adding_a_profile_can_only_calm_the_pet_further" fullname="Gibi.Tests.EditMode.CareProfileComposition.Adding_a_profile_can_only_calm_the_pet_further" methodname="Adding_a_profile_can_only_calm_the_pet_further" classname="Gibi.Tests.EditMode.CareProfileComposition" runstate="Runnable" seed="915154432" result="Passed" start-time="2026-08-03 18:57:41Z" end-time="2026-08-03 18:57:41Z" duration="0.006908" asserts="0">
                <properties>
                  <property name="retryIteration" value="0" />
                  <property name="repeatIteration" value="0" />
                </properties>
              </test-case>
              <test-case id="1024" name="Care_profile_caps_speed_but_never_availability" fullname="Gibi.Tests.EditMode.CareProfileComposition.Care_profile_caps_speed_but_never_availability" methodname="Care_profile_caps_speed_but_never_availability" classname="Gibi.Tests.EditMode.CareProfileComposition" runstate="Runnable" seed="1174056533" result="Passed" start-time="2026-08-03 18:57:41Z" end-time="2026-08-03 18:57:41Z" duration="0.002554" asserts="0">
                <properties>
                  <property name="retryIteration" value="0" />
                  <property name="repeatIteration" value="0" />
                </properties>
              </test-case>
              <test-case id="1021" name="Profiles_compose_to_the_most_conservative_value" fullname="Gibi.Tests.EditMode.CareProfileComposition.Profiles_compose_to_the_most_conservative_value" methodname="Profiles_compose_to_the_most_conservative_value" classname="Gibi.Tests.EditMode.CareProfileComposition" runstate="Runnable" seed="994095999" result="Passed" start-time="2026-08-03 18:57:41Z" end-time="2026-08-03 18:57:41Z" duration="0.000121" asserts="0">
                <properties>
                  <property name="retryIteration" value="0" />
                  <property name="repeatIteration" value="0" />
                </properties>
              </test-case>
              <test-case id="1023" name="Wellbeing_pacing_is_on_by_default_not_opt_in" fullname="Gibi.Tests.EditMode.CareProfileComposition.Wellbeing_pacing_is_on_by_default_not_opt_in" methodname="Wellbeing_pacing_is_on_by_default_not_opt_in" classname="Gibi.Tests.EditMode.CareProfileComposition" runstate="Runnable" seed="329221733" result="Passed" start-time="2026-08-03 18:57:41Z" end-time="2026-08-03 18:57:41Z" duration="0.000138" asserts="0">
                <properties>
                  <property name="retryIteration" value="0" />
                  <property name="repeatIteration" value="0" />
                </properties>
              </test-case>
            </test-suite>
            <test-suite type="TestFixture" id="1068" name="CareProfilesOnlyNarrow" fullname="Gibi.Tests.EditMode.CareProfilesOnlyNarrow" classname="Gibi.Tests.EditMode.CareProfilesOnlyNarrow" runstate="Runnable" testcasecount="3" result="Passed" start-time="2026-08-03 18:57:41Z" end-time="2026-08-03 18:57:41Z" duration="0.012412" total="3" passed="3" failed="0" inconclusive="0" skipped="0" asserts="0">
              <properties />
              <test-case id="1069" name="Adding_a_profile_never_raises_a_cap" fullname="Gibi.Tests.EditMode.CareProfilesOnlyNarrow.Adding_a_profile_never_raises_a_cap" methodname="Adding_a_profile_never_raises_a_cap" classname="Gibi.Tests.EditMode.CareProfilesOnlyNarrow" runstate="Runnable" seed="390325449" result="Passed" start-time="2026-08-03 18:57:41Z" end-time="2026-08-03 18:57:41Z" duration="0.000830" asserts="0">
                <properties>
                  <property name="retryIteration" value="0" />
                  <property name="repeatIteration" value="0" />
                </properties>
              </test-case>
              <test-case id="1071" name="Gentle_sensory_caps_intensity_across_every_selection" fullname="Gibi.Tests.EditMode.CareProfilesOnlyNarrow.Gentle_sensory_caps_intensity_across_every_selection" methodname="Gentle_sensory_caps_intensity_across_every_selection" classname="Gibi.Tests.EditMode.CareProfilesOnlyNarrow" runstate="Runnable" seed="1233869087" result="Passed" start-time="2026-08-03 18:57:41Z" end-time="2026-08-03 18:57:41Z" duration="0.010722" asserts="0">
                <properties>
                  <property name="retryIteration" value="0" />
                  <property name="repeatIteration" value="0" />
                </properties>
              </test-case>
              <test-case id="1070" name="Self_and_comfort_intents_survive_every_profile_combination" fullname="Gibi.Tests.EditMode.CareProfilesOnlyNarrow.Self_and_comfort_intents_survive_every_profile_combination" methodname="Self_and_comfort_intents_survive_every_profile_combination" classname="Gibi.Tests.EditMode.CareProfilesOnlyNarrow" runstate="Runnable" seed="1204839683" result="Passed" start-time="2026-08-03 18:57:41Z" end-time="2026-08-03 18:57:41Z" duration="0.000215" asserts="0">
                <properties>
                  <property name="retryIteration" value="0" />
                  <property name="repeatIteration" value="0" />
                </properties>
              </test-case>
            </test-suite>
            <test-suite type="TestFixture" id="1080" name="CatalogContractParity" fullname="Gibi.Tests.EditMode.CatalogContractParity" classname="Gibi.Tests.EditMode.CatalogContractParity" runstate="Runnable" testcasecount="4" result="Passed" start-time="2026-08-03 18:57:41Z" end-time="2026-08-03 18:57:41Z" duration="0.002357" total="4" passed="4" failed="0" inconclusive="0" skipped="0" asserts="0">
              <properties />
              <test-case id="1083" name="Catalog_fits_the_care_mask_width" fullname="Gibi.Tests.EditMode.CatalogContractParity.Catalog_fits_the_care_mask_width" methodname="Catalog_fits_the_care_mask_width" classname="Gibi.Tests.EditMode.CatalogContractParity" runstate="Runnable" seed="874762624" result="Passed" start-time="2026-08-03 18:57:41Z" end-time="2026-08-03 18:57:41Z" duration="0.000203" asserts="0">
                <properties>
                  <property name="retryIteration" value="0" />
                  <property name="repeatIteration" value="0" />
                </properties>
              </test-case>
              <test-case id="1081" name="Csharp_catalog_matches_the_contract_file_exactly" fullname="Gibi.Tests.EditMode.CatalogContractParity.Csharp_catalog_matches_the_contract_file_exactly" methodname="Csharp_catalog_matches_the_contract_file_exactly" classname="Gibi.Tests.EditMode.CatalogContractParity" runstate="Runnable" seed="250069057" result="Passed" start-time="2026-08-03 18:57:41Z" end-time="2026-08-03 18:57:41Z" duration="0.001079" asserts="0">
                <properties>
                  <property name="retryIteration" value="0" />
                  <property name="repeatIteration" value="0" />
                </properties>
              </test-case>
              <test-case id="1084" name="Every_intent_declares_a_clip_and_a_sane_cap" fullname="Gibi.Tests.EditMode.CatalogContractParity.Every_intent_declares_a_clip_and_a_sane_cap" methodname="Every_intent_declares_a_clip_and_a_sane_cap" classname="Gibi.Tests.EditMode.CatalogContractParity" runstate="Runnable" seed="1449532745" result="Passed" start-time="2026-08-03 18:57:41Z" end-time="2026-08-03 18:57:41Z" duration="0.000373" asserts="0">
                <properties>
                  <property name="retryIteration" value="0" />
                  <property name="repeatIteration" value="0" />
                </properties>
              </test-case>
              <test-case id="1082" name="No_duplicate_intent_ids" fullname="Gibi.Tests.EditMode.CatalogContractParity.No_duplicate_intent_ids" methodname="No_duplicate_intent_ids" classname="Gibi.Tests.EditMode.CatalogContractParity" runstate="Runnable" seed="1644591719" result="Passed" start-time="2026-08-03 18:57:41Z" end-time="2026-08-03 18:57:41Z" duration="0.000133" asserts="0">
                <properties>
                  <property name="retryIteration" value="0" />
                  <property name="repeatIteration" value="0" />
                </properties>
              </test-case>
            </test-suite>
            <test-suite type="TestFixture" id="1063" name="ComfortAndTiming" fullname="Gibi.Tests.EditMode.ComfortAndTiming" classname="Gibi.Tests.EditMode.ComfortAndTiming" runstate="Runnable" testcasecount="4" result="Passed" start-time="2026-08-03 18:57:41Z" end-time="2026-08-03 18:57:41Z" duration="0.018744" total="4" passed="4" failed="0" inconclusive="0" skipped="0" asserts="0">
              <properties />
              <test-case id="1064" name="A_settled_child_gets_a_pet_that_slows_down_and_stays" fullname="Gibi.Tests.EditMode.ComfortAndTiming.A_settled_child_gets_a_pet_that_slows_down_and_stays" methodname="A_settled_child_gets_a_pet_that_slows_down_and_stays" classname="Gibi.Tests.EditMode.ComfortAndTiming" runstate="Runnable" seed="1324383975" result="Passed" start-time="2026-08-03 18:57:41Z" end-time="2026-08-03 18:57:41Z" duration="0.000126" asserts="0">
                <properties>
                  <property name="retryIteration" value="0" />
                  <property name="repeatIteration" value="0" />
                </properties>
              </test-case>
              <test-case id="1065" name="An_excited_child_gets_a_pet_that_answers_almost_at_once" fullname="Gibi.Tests.EditMode.ComfortAndTiming.An_excited_child_gets_a_pet_that_answers_almost_at_once" methodname="An_excited_child_gets_a_pet_that_answers_almost_at_once" classname="Gibi.Tests.EditMode.ComfortAndTiming" runstate="Runnable" seed="808085189" result="Passed" start-time="2026-08-03 18:57:41Z" end-time="2026-08-03 18:57:41Z" duration="0.000090" asserts="0">
                <properties>
                  <property name="retryIteration" value="0" />
                  <property name="repeatIteration" value="0" />
                </properties>
              </test-case>
              <test-case id="1067" name="Late_hour_favours_settling_without_locking_anyone_out" fullname="Gibi.Tests.EditMode.ComfortAndTiming.Late_hour_favours_settling_without_locking_anyone_out" methodname="Late_hour_favours_settling_without_locking_anyone_out" classname="Gibi.Tests.EditMode.ComfortAndTiming" runstate="Runnable" seed="1882208097" result="Passed" start-time="2026-08-03 18:57:41Z" end-time="2026-08-03 18:57:41Z" duration="0.017347" asserts="0">
                <properties>
                  <property name="retryIteration" value="0" />
                  <property name="repeatIteration" value="0" />
                </properties>
              </test-case>
              <test-case id="1066" name="Latency_varies_across_ticks_so_no_two_responses_land_identically" fullname="Gibi.Tests.EditMode.ComfortAndTiming.Latency_varies_across_ticks_so_no_two_responses_land_identically" methodname="Latency_varies_across_ticks_so_no_two_responses_land_identically" classname="Gibi.Tests.EditMode.ComfortAndTiming" runstate="Runnable" seed="1505109903" result="Passed" start-time="2026-08-03 18:57:41Z" end-time="2026-08-03 18:57:41Z" duration="0.000684" asserts="0">
                <properties>
                  <property name="retryIteration" value="0" />
                  <property name="repeatIteration" value="0" />
                </properties>
              </test-case>
            </test-suite>
            <test-suite type="TestFixture" id="1030" name="ComfortIsNeverWithdrawn" fullname="Gibi.Tests.EditMode.ComfortIsNeverWithdrawn" classname="Gibi.Tests.EditMode.ComfortIsNeverWithdrawn" runstate="Runnable" testcasecount="2" result="Passed" start-time="2026-08-03 18:57:41Z" end-time="2026-08-03 18:57:41Z" duration="0.000858" total="2" passed="2" failed="0" inconclusive="0" skipped="0" asserts="0">
              <properties />
              <test-case id="1032" name="Settling_outranks_fatigue_so_comfort_is_never_cut_short" fullname="Gibi.Tests.EditMode.ComfortIsNeverWithdrawn.Settling_outranks_fatigue_so_comfort_is_never_cut_short" methodname="Settling_outranks_fatigue_so_comfort_is_never_cut_short" classname="Gibi.Tests.EditMode.ComfortIsNeverWithdrawn" runstate="Runnable" seed="709503442" result="Passed" start-time="2026-08-03 18:57:41Z" end-time="2026-08-03 18:57:41Z" duration="0.000309" asserts="0">
                <properties>
                  <property name="retryIteration" value="0" />
                  <property name="repeatIteration" value="0" />
                </properties>
              </test-case>
              <test-case id="1031" name="Stillness_with_the_pet_close_makes_it_stay" fullname="Gibi.Tests.EditMode.ComfortIsNeverWithdrawn.Stillness_with_the_pet_close_makes_it_stay" methodname="Stillness_with_the_pet_close_makes_it_stay" classname="Gibi.Tests.EditMode.ComfortIsNeverWithdrawn" runstate="Runnable" seed="836547201" result="Passed" start-time="2026-08-03 18:57:41Z" end-time="2026-08-03 18:57:41Z" duration="0.000101" asserts="0">
                <properties>
                  <property name="retryIteration" value="0" />
                  <property name="repeatIteration" value="0" />
                </properties>
              </test-case>
            </test-suite>
            <test-suite type="TestFixture" id="1055" name="EnergyIsExpressiveNeverGating" fullname="Gibi.Tests.EditMode.EnergyIsExpressiveNeverGating" classname="Gibi.Tests.EditMode.EnergyIsExpressiveNeverGating" runstate="Runnable" testcasecount="3" result="Passed" start-time="2026-08-03 18:57:41Z" end-time="2026-08-03 18:57:42Z" duration="0.098433" total="3" passed="3" failed="0" inconclusive="0" skipped="0" asserts="0">
              <properties />
              <test-case id="1056" name="Every_intent_available_at_full_energy_is_available_at_zero_energy" fullname="Gibi.Tests.EditMode.EnergyIsExpressiveNeverGating.Every_intent_available_at_full_energy_is_available_at_zero_energy" methodname="Every_intent_available_at_full_energy_is_available_at_zero_energy" classname="Gibi.Tests.EditMode.EnergyIsExpressiveNeverGating" runstate="Runnable" seed="2120282106" result="Passed" start-time="2026-08-03 18:57:41Z" end-time="2026-08-03 18:57:42Z" duration="0.062943" asserts="0">
                <properties>
                  <property name="retryIteration" value="0" />
                  <property name="repeatIteration" value="0" />
                </properties>
              </test-case>
              <test-case id="1057" name="Exhausted_pet_still_reaches_active_intents" fullname="Gibi.Tests.EditMode.EnergyIsExpressiveNeverGating.Exhausted_pet_still_reaches_active_intents" methodname="Exhausted_pet_still_reaches_active_intents" classname="Gibi.Tests.EditMode.EnergyIsExpressiveNeverGating" runstate="Runnable" seed="1791340406" result="Passed" start-time="2026-08-03 18:57:42Z" end-time="2026-08-03 18:57:42Z" duration="0.031800" asserts="0">
                <properties>
                  <property name="retryIteration" value="0" />
                  <property name="repeatIteration" value="0" />
                </properties>
              </test-case>
              <test-case id="1058" name="Low_energy_lowers_intensity_rather_than_removing_the_action" fullname="Gibi.Tests.EditMode.EnergyIsExpressiveNeverGating.Low_energy_lowers_intensity_rather_than_removing_the_action" methodname="Low_energy_lowers_intensity_rather_than_removing_the_action" classname="Gibi.Tests.EditMode.EnergyIsExpressiveNeverGating" runstate="Runnable" seed="866511504" result="Passed" start-time="2026-08-03 18:57:42Z" end-time="2026-08-03 18:57:42Z" duration="0.003283" asserts="0">
                <properties>
                  <property name="retryIteration" value="0" />
                  <property name="repeatIteration" value="0" />
                </properties>
              </test-case>
            </test-suite>
            <test-suite type="TestFixture" id="1033" name="EstimatorPrivacyProperties" fullname="Gibi.Tests.EditMode.EstimatorPrivacyProperties" classname="Gibi.Tests.EditMode.EstimatorPrivacyProperties" runstate="Runnable" testcasecount="4" result="Passed" start-time="2026-08-03 18:57:42Z" end-time="2026-08-03 18:57:42Z" duration="0.001390" total="4" passed="4" failed="0" inconclusive="0" skipped="0" asserts="0">
              <properties />
              <test-case id="1037" name="A_fresh_estimator_starts_from_nothing_each_session" fullname="Gibi.Tests.EditMode.EstimatorPrivacyProperties.A_fresh_estimator_starts_from_nothing_each_session" methodname="A_fresh_estimator_starts_from_nothing_each_session" classname="Gibi.Tests.EditMode.EstimatorPrivacyProperties" runstate="Runnable" seed="1806378125" result="Passed" start-time="2026-08-03 18:57:42Z" end-time="2026-08-03 18:57:42Z" duration="0.000433" asserts="0">
                <properties>
                  <property name="retryIteration" value="0" />
                  <property name="repeatIteration" value="0" />
                </properties>
              </test-case>
              <test-case id="1034" name="Estimate_produces_continuous_values_never_categories" fullname="Gibi.Tests.EditMode.EstimatorPrivacyProperties.Estimate_produces_continuous_values_never_categories" methodname="Estimate_produces_continuous_values_never_categories" classname="Gibi.Tests.EditMode.EstimatorPrivacyProperties" runstate="Runnable" seed="1174365271" result="Passed" start-time="2026-08-03 18:57:42Z" end-time="2026-08-03 18:57:42Z" duration="0.000133" asserts="0">
                <properties>
                  <property name="retryIteration" value="0" />
                  <property name="repeatIteration" value="0" />
                </properties>
              </test-case>
              <test-case id="1035" name="Repeating_one_action_registers_as_perseveration_not_a_label" fullname="Gibi.Tests.EditMode.EstimatorPrivacyProperties.Repeating_one_action_registers_as_perseveration_not_a_label" methodname="Repeating_one_action_registers_as_perseveration_not_a_label" classname="Gibi.Tests.EditMode.EstimatorPrivacyProperties" runstate="Runnable" seed="1534991951" result="Passed" start-time="2026-08-03 18:57:42Z" end-time="2026-08-03 18:57:42Z" duration="0.000080" asserts="0">
                <properties>
                  <property name="retryIteration" value="0" />
                  <property name="repeatIteration" value="0" />
                </properties>
              </test-case>
              <test-case id="1036" name="Varied_play_does_not_register_as_perseveration" fullname="Gibi.Tests.EditMode.EstimatorPrivacyProperties.Varied_play_does_not_register_as_perseveration" methodname="Varied_play_does_not_register_as_perseveration" classname="Gibi.Tests.EditMode.EstimatorPrivacyProperties" runstate="Runnable" seed="868435639" result="Passed" start-time="2026-08-03 18:57:42Z" end-time="2026-08-03 18:57:42Z" duration="0.000084" asserts="0">
                <properties>
                  <property name="retryIteration" value="0" />
                  <property name="repeatIteration" value="0" />
                </properties>
              </test-case>
            </test-suite>
            <test-suite type="TestFixture" id="1010" name="GW_AgeGate" fullname="Gibi.Tests.EditMode.GW_AgeGate" classname="Gibi.Tests.EditMode.GW_AgeGate" runstate="Runnable" testcasecount="9" result="Passed" start-time="2026-08-03 18:57:42Z" end-time="2026-08-03 18:57:42Z" duration="0.004908" total="9" passed="9" failed="0" inconclusive="0" skipped="0" asserts="0">
              <properties />
              <test-case id="1018" name="Adults_need_nothing" fullname="Gibi.Tests.EditMode.GW_AgeGate.Adults_need_nothing" methodname="Adults_need_nothing" classname="Gibi.Tests.EditMode.GW_AgeGate" runstate="Runnable" seed="541721220" result="Passed" start-time="2026-08-03 18:57:42Z" end-time="2026-08-03 18:57:42Z" duration="0.000068" asserts="0">
                <properties>
                  <property name="retryIteration" value="0" />
                  <property name="repeatIteration" value="0" />
                </properties>
              </test-case>
              <test-case id="1011" name="Bands_are_computed_from_date_not_a_yes_no_question" fullname="Gibi.Tests.EditMode.GW_AgeGate.Bands_are_computed_from_date_not_a_yes_no_question" methodname="Bands_are_computed_from_date_not_a_yes_no_question" classname="Gibi.Tests.EditMode.GW_AgeGate" runstate="Runnable" seed="1885704502" result="Passed" start-time="2026-08-03 18:57:42Z" end-time="2026-08-03 18:57:42Z" duration="0.000310" asserts="0">
                <properties>
                  <property name="retryIteration" value="0" />
                  <property name="repeatIteration" value="0" />
                </properties>
              </test-case>
              <test-case id="1012" name="Birthday_not_yet_reached_this_year_counts_as_the_younger_age" fullname="Gibi.Tests.EditMode.GW_AgeGate.Birthday_not_yet_reached_this_year_counts_as_the_younger_age" methodname="Birthday_not_yet_reached_this_year_counts_as_the_younger_age" classname="Gibi.Tests.EditMode.GW_AgeGate" runstate="Runnable" seed="787444333" result="Passed" start-time="2026-08-03 18:57:42Z" end-time="2026-08-03 18:57:42Z" duration="0.000051" asserts="0">
                <properties>
                  <property name="retryIteration" value="0" />
                  <property name="repeatIteration" value="0" />
                </properties>
              </test-case>
              <test-case id="1019" name="Consent_expires_so_forgotten_consent_is_not_consent" fullname="Gibi.Tests.EditMode.GW_AgeGate.Consent_expires_so_forgotten_consent_is_not_consent" methodname="Consent_expires_so_forgotten_consent_is_not_consent" classname="Gibi.Tests.EditMode.GW_AgeGate" runstate="Runnable" seed="137475095" result="Passed" start-time="2026-08-03 18:57:42Z" end-time="2026-08-03 18:57:42Z" duration="0.000093" asserts="0">
                <properties>
                  <property name="retryIteration" value="0" />
                  <property name="repeatIteration" value="0" />
                </properties>
              </test-case>
              <test-case id="1016" name="Teen_care_context_gates_on_the_teen_knowing_not_on_guardian_consent" fullname="Gibi.Tests.EditMode.GW_AgeGate.Teen_care_context_gates_on_the_teen_knowing_not_on_guardian_consent" methodname="Teen_care_context_gates_on_the_teen_knowing_not_on_guardian_consent" classname="Gibi.Tests.EditMode.GW_AgeGate" runstate="Runnable" seed="1658128735" result="Passed" start-time="2026-08-03 18:57:42Z" end-time="2026-08-03 18:57:42Z" duration="0.000047" asserts="0">
                <properties>
                  <property name="retryIteration" value="0" />
                  <property name="repeatIteration" value="0" />
                </properties>
              </test-case>
              <test-case id="1015" name="Teens_need_no_guardian_consent_for_base_play" fullname="Gibi.Tests.EditMode.GW_AgeGate.Teens_need_no_guardian_consent_for_base_play" methodname="Teens_need_no_guardian_consent_for_base_play" classname="Gibi.Tests.EditMode.GW_AgeGate" runstate="Runnable" seed="372339744" result="Passed" start-time="2026-08-03 18:57:42Z" end-time="2026-08-03 18:57:42Z" duration="0.000055" asserts="0">
                <properties>
                  <property name="retryIteration" value="0" />
                  <property name="repeatIteration" value="0" />
                </properties>
              </test-case>
              <test-case id="1013" name="Under_13_cannot_activate_without_granted_consent" fullname="Gibi.Tests.EditMode.GW_AgeGate.Under_13_cannot_activate_without_granted_consent" methodname="Under_13_cannot_activate_without_granted_consent" classname="Gibi.Tests.EditMode.GW_AgeGate" runstate="Runnable" seed="1596902458" result="Passed" start-time="2026-08-03 18:57:42Z" end-time="2026-08-03 18:57:42Z" duration="0.000111" asserts="0">
                <properties>
                  <property name="retryIteration" value="0" />
                  <property name="repeatIteration" value="0" />
                </properties>
              </test-case>
              <test-case id="1017" name="Under_13_care_context_still_requires_verifiable_consent" fullname="Gibi.Tests.EditMode.GW_AgeGate.Under_13_care_context_still_requires_verifiable_consent" methodname="Under_13_care_context_still_requires_verifiable_consent" classname="Gibi.Tests.EditMode.GW_AgeGate" runstate="Runnable" seed="571253218" result="Passed" start-time="2026-08-03 18:57:42Z" end-time="2026-08-03 18:57:42Z" duration="0.000036" asserts="0">
                <properties>
                  <property name="retryIteration" value="0" />
                  <property name="repeatIteration" value="0" />
                </properties>
              </test-case>
              <test-case id="1014" name="Unknown_or_invalid_age_fails_closed" fullname="Gibi.Tests.EditMode.GW_AgeGate.Unknown_or_invalid_age_fails_closed" methodname="Unknown_or_invalid_age_fails_closed" classname="Gibi.Tests.EditMode.GW_AgeGate" runstate="Runnable" seed="40497768" result="Passed" start-time="2026-08-03 18:57:42Z" end-time="2026-08-03 18:57:42Z" duration="0.000060" asserts="0">
                <properties>
                  <property name="retryIteration" value="0" />
                  <property name="repeatIteration" value="0" />
                </properties>
              </test-case>
            </test-suite>
            <test-suite type="TestFixture" id="1144" name="GW_API_OpaqueIdentifiers" fullname="Gibi.Tests.EditMode.GW_API_OpaqueIdentifiers" classname="Gibi.Tests.EditMode.GW_API_OpaqueIdentifiers" runstate="Runnable" testcasecount="2" result="Passed" start-time="2026-08-03 18:57:42Z" end-time="2026-08-03 18:57:42Z" duration="0.001458" total="2" passed="2" failed="0" inconclusive="0" skipped="0" asserts="0">
              <properties />
              <test-case id="1146" name="Prefixed_ulid_pattern_is_enforced_per_entity" fullname="Gibi.Tests.EditMode.GW_API_OpaqueIdentifiers.Prefixed_ulid_pattern_is_enforced_per_entity" methodname="Prefixed_ulid_pattern_is_enforced_per_entity" classname="Gibi.Tests.EditMode.GW_API_OpaqueIdentifiers" runstate="Runnable" seed="1556988905" result="Passed" start-time="2026-08-03 18:57:42Z" end-time="2026-08-03 18:57:42Z" duration="0.000383" asserts="0">
                <properties>
                  <property name="retryIteration" value="0" />
                  <property name="repeatIteration" value="0" />
                </properties>
              </test-case>
              <test-case id="1145" name="Sequential_database_ids_are_recognised_and_rejectable" fullname="Gibi.Tests.EditMode.GW_API_OpaqueIdentifiers.Sequential_database_ids_are_recognised_and_rejectable" methodname="Sequential_database_ids_are_recognised_and_rejectable" classname="Gibi.Tests.EditMode.GW_API_OpaqueIdentifiers" runstate="Runnable" seed="142698836" result="Passed" start-time="2026-08-03 18:57:42Z" end-time="2026-08-03 18:57:42Z" duration="0.000079" asserts="0">
                <properties>
                  <property name="retryIteration" value="0" />
                  <property name="repeatIteration" value="0" />
                </properties>
              </test-case>
            </test-suite>
            <test-suite type="TestFixture" id="1117" name="GW_AR_002_003_AnchorGating" fullname="Gibi.Tests.EditMode.GW_AR_002_003_AnchorGating" classname="Gibi.Tests.EditMode.GW_AR_002_003_AnchorGating" runstate="Runnable" testcasecount="4" result="Passed" start-time="2026-08-03 18:57:42Z" end-time="2026-08-03 18:57:42Z" duration="0.002702" total="4" passed="4" failed="0" inconclusive="0" skipped="0" asserts="0">
              <properties />
              <test-case id="1120" name="Local_anchor_never_authorises_persistence" fullname="Gibi.Tests.EditMode.GW_AR_002_003_AnchorGating.Local_anchor_never_authorises_persistence" methodname="Local_anchor_never_authorises_persistence" classname="Gibi.Tests.EditMode.GW_AR_002_003_AnchorGating" runstate="Runnable" seed="662057438" result="Passed" start-time="2026-08-03 18:57:42Z" end-time="2026-08-03 18:57:42Z" duration="0.000212" asserts="0">
                <properties>
                  <property name="retryIteration" value="0" />
                  <property name="repeatIteration" value="0" />
                </properties>
              </test-case>
              <test-case id="1118" name="Ranked_scoring_requires_one_full_second_of_tracking" fullname="Gibi.Tests.EditMode.GW_AR_002_003_AnchorGating.Ranked_scoring_requires_one_full_second_of_tracking" methodname="Ranked_scoring_requires_one_full_second_of_tracking" classname="Gibi.Tests.EditMode.GW_AR_002_003_AnchorGating" runstate="Runnable" seed="1600537130" result="Passed" start-time="2026-08-03 18:57:42Z" end-time="2026-08-03 18:57:42Z" duration="0.000097" asserts="0">
                <properties>
                  <property name="retryIteration" value="0" />
                  <property name="repeatIteration" value="0" />
                </properties>
              </test-case>
              <test-case id="1121" name="Tracking_loss_beyond_three_seconds_invalidates_the_run" fullname="Gibi.Tests.EditMode.GW_AR_002_003_AnchorGating.Tracking_loss_beyond_three_seconds_invalidates_the_run" methodname="Tracking_loss_beyond_three_seconds_invalidates_the_run" classname="Gibi.Tests.EditMode.GW_AR_002_003_AnchorGating" runstate="Runnable" seed="1387582592" result="Passed" start-time="2026-08-03 18:57:42Z" end-time="2026-08-03 18:57:42Z" duration="0.000072" asserts="0">
                <properties>
                  <property name="retryIteration" value="0" />
                  <property name="repeatIteration" value="0" />
                </properties>
              </test-case>
              <test-case id="1119" name="Tracking_loss_degrades_and_pauses_within_250ms" fullname="Gibi.Tests.EditMode.GW_AR_002_003_AnchorGating.Tracking_loss_degrades_and_pauses_within_250ms" methodname="Tracking_loss_degrades_and_pauses_within_250ms" classname="Gibi.Tests.EditMode.GW_AR_002_003_AnchorGating" runstate="Runnable" seed="1064254353" result="Passed" start-time="2026-08-03 18:57:42Z" end-time="2026-08-03 18:57:42Z" duration="0.000091" asserts="0">
                <properties>
                  <property name="retryIteration" value="0" />
                  <property name="repeatIteration" value="0" />
                </properties>
              </test-case>
            </test-suite>
            <test-suite type="TestFixture" id="1111" name="GW_AR_005_QuaternionNormalisation" fullname="Gibi.Tests.EditMode.GW_AR_005_QuaternionNormalisation" classname="Gibi.Tests.EditMode.GW_AR_005_QuaternionNormalisation" runstate="Runnable" testcasecount="5" result="Passed" start-time="2026-08-03 18:57:42Z" end-time="2026-08-03 18:57:42Z" duration="0.001076" total="5" passed="5" failed="0" inconclusive="0" skipped="0" asserts="0">
              <properties />
              <test-case id="1115" name="Denormalised_beyond_1e4_is_rejected" fullname="Gibi.Tests.EditMode.GW_AR_005_QuaternionNormalisation.Denormalised_beyond_1e4_is_rejected" methodname="Denormalised_beyond_1e4_is_rejected" classname="Gibi.Tests.EditMode.GW_AR_005_QuaternionNormalisation" runstate="Runnable" seed="1943814261" result="Passed" start-time="2026-08-03 18:57:42Z" end-time="2026-08-03 18:57:42Z" duration="0.000381" asserts="0">
                <properties>
                  <property name="retryIteration" value="0" />
                  <property name="repeatIteration" value="0" />
                </properties>
              </test-case>
              <test-case id="1114" name="NaN_quaternion_is_rejected" fullname="Gibi.Tests.EditMode.GW_AR_005_QuaternionNormalisation.NaN_quaternion_is_rejected" methodname="NaN_quaternion_is_rejected" classname="Gibi.Tests.EditMode.GW_AR_005_QuaternionNormalisation" runstate="Runnable" seed="1606105026" result="Passed" start-time="2026-08-03 18:57:42Z" end-time="2026-08-03 18:57:42Z" duration="0.000053" asserts="0">
                <properties>
                  <property name="retryIteration" value="0" />
                  <property name="repeatIteration" value="0" />
                </properties>
              </test-case>
              <test-case id="1112" name="Normalised_quaternion_is_accepted" fullname="Gibi.Tests.EditMode.GW_AR_005_QuaternionNormalisation.Normalised_quaternion_is_accepted" methodname="Normalised_quaternion_is_accepted" classname="Gibi.Tests.EditMode.GW_AR_005_QuaternionNormalisation" runstate="Runnable" seed="1282538487" result="Passed" start-time="2026-08-03 18:57:42Z" end-time="2026-08-03 18:57:42Z" duration="0.000078" asserts="0">
                <properties>
                  <property name="retryIteration" value="0" />
                  <property name="repeatIteration" value="0" />
                </properties>
              </test-case>
              <test-case id="1116" name="Object_beyond_75m_from_anchor_is_rejected" fullname="Gibi.Tests.EditMode.GW_AR_005_QuaternionNormalisation.Object_beyond_75m_from_anchor_is_rejected" methodname="Object_beyond_75m_from_anchor_is_rejected" classname="Gibi.Tests.EditMode.GW_AR_005_QuaternionNormalisation" runstate="Runnable" seed="1593157545" result="Passed" start-time="2026-08-03 18:57:42Z" end-time="2026-08-03 18:57:42Z" duration="0.000045" asserts="0">
                <properties>
                  <property name="retryIteration" value="0" />
                  <property name="repeatIteration" value="0" />
                </properties>
              </test-case>
              <test-case id="1113" name="Zero_quaternion_is_rejected" fullname="Gibi.Tests.EditMode.GW_AR_005_QuaternionNormalisation.Zero_quaternion_is_rejected" methodname="Zero_quaternion_is_rejected" classname="Gibi.Tests.EditMode.GW_AR_005_QuaternionNormalisation" runstate="Runnable" seed="2030985619" result="Passed" start-time="2026-08-03 18:57:42Z" end-time="2026-08-03 18:57:42Z" duration="0.000042" asserts="0">
                <properties>
                  <property name="retryIteration" value="0" />
                  <property name="repeatIteration" value="0" />
                </properties>
              </test-case>
            </test-suite>
            <test-suite type="TestFixture" id="1122" name="GW_AR_006_007_SurfaceGates" fullname="Gibi.Tests.EditMode.GW_AR_006_007_SurfaceGates" classname="Gibi.Tests.EditMode.GW_AR_006_007_SurfaceGates" runstate="Runnable" testcasecount="4" result="Passed" start-time="2026-08-03 18:57:42Z" end-time="2026-08-03 18:57:42Z" duration="0.000999" total="4" passed="4" failed="0" inconclusive="0" skipped="0" asserts="0">
              <properties />
              <test-case id="1126" name="Clearance_height_is_unchanged_by_purpose" fullname="Gibi.Tests.EditMode.GW_AR_006_007_SurfaceGates.Clearance_height_is_unchanged_by_purpose" methodname="Clearance_height_is_unchanged_by_purpose" classname="Gibi.Tests.EditMode.GW_AR_006_007_SurfaceGates" runstate="Runnable" seed="1043396378" result="Passed" start-time="2026-08-03 18:57:42Z" end-time="2026-08-03 18:57:42Z" duration="0.000140" asserts="0">
                <properties>
                  <property name="retryIteration" value="0" />
                  <property name="repeatIteration" value="0" />
                </properties>
              </test-case>
              <test-case id="1125" name="Clearance_requirement_depends_on_purpose" fullname="Gibi.Tests.EditMode.GW_AR_006_007_SurfaceGates.Clearance_requirement_depends_on_purpose" methodname="Clearance_requirement_depends_on_purpose" classname="Gibi.Tests.EditMode.GW_AR_006_007_SurfaceGates" runstate="Runnable" seed="874311856" result="Passed" start-time="2026-08-03 18:57:42Z" end-time="2026-08-03 18:57:42Z" duration="0.000151" asserts="0">
                <properties>
                  <property name="retryIteration" value="0" />
                  <property name="repeatIteration" value="0" />
                </properties>
              </test-case>
              <test-case id="1123" name="Hazard_tags_reject_placement" fullname="Gibi.Tests.EditMode.GW_AR_006_007_SurfaceGates.Hazard_tags_reject_placement" methodname="Hazard_tags_reject_placement" classname="Gibi.Tests.EditMode.GW_AR_006_007_SurfaceGates" runstate="Runnable" seed="1857719984" result="Passed" start-time="2026-08-03 18:57:42Z" end-time="2026-08-03 18:57:42Z" duration="0.000137" asserts="0">
                <properties>
                  <property name="retryIteration" value="0" />
                  <property name="repeatIteration" value="0" />
                </properties>
              </test-case>
              <test-case id="1124" name="Ranked_gates_use_the_stricter_seven_degree_slope" fullname="Gibi.Tests.EditMode.GW_AR_006_007_SurfaceGates.Ranked_gates_use_the_stricter_seven_degree_slope" methodname="Ranked_gates_use_the_stricter_seven_degree_slope" classname="Gibi.Tests.EditMode.GW_AR_006_007_SurfaceGates" runstate="Runnable" seed="832983300" result="Passed" start-time="2026-08-03 18:57:42Z" end-time="2026-08-03 18:57:42Z" duration="0.000053" asserts="0">
                <properties>
                  <property name="retryIteration" value="0" />
                  <property name="repeatIteration" value="0" />
                </properties>
              </test-case>
            </test-suite>
            <test-suite type="TestFixture" id="1103" name="GW_ASSET_001_SignatureVerification" fullname="Gibi.Tests.EditMode.GW_ASSET_001_SignatureVerification" classname="Gibi.Tests.EditMode.GW_ASSET_001_SignatureVerification" runstate="Runnable" testcasecount="7" result="Passed" start-time="2026-08-03 18:57:42Z" end-time="2026-08-03 18:57:42Z" duration="0.038113" total="7" passed="7" failed="0" inconclusive="0" skipped="0" asserts="0">
              <properties />
              <test-case id="1105" name="A_single_flipped_manifest_byte_invalidates_the_signature" fullname="Gibi.Tests.EditMode.GW_ASSET_001_SignatureVerification.A_single_flipped_manifest_byte_invalidates_the_signature" methodname="A_single_flipped_manifest_byte_invalidates_the_signature" classname="Gibi.Tests.EditMode.GW_ASSET_001_SignatureVerification" runstate="Runnable" seed="142300393" result="Passed" start-time="2026-08-03 18:57:42Z" end-time="2026-08-03 18:57:42Z" duration="0.016084" asserts="0">
                <properties>
                  <property name="retryIteration" value="0" />
                  <property name="repeatIteration" value="0" />
                </properties>
              </test-case>
              <test-case id="1106" name="A_tampered_signature_is_rejected" fullname="Gibi.Tests.EditMode.GW_ASSET_001_SignatureVerification.A_tampered_signature_is_rejected" methodname="A_tampered_signature_is_rejected" classname="Gibi.Tests.EditMode.GW_ASSET_001_SignatureVerification" runstate="Runnable" seed="324997216" result="Passed" start-time="2026-08-03 18:57:42Z" end-time="2026-08-03 18:57:42Z" duration="0.006568" asserts="0">
                <properties>
                  <property name="retryIteration" value="0" />
                  <property name="repeatIteration" value="0" />
                </properties>
              </test-case>
              <test-case id="1107" name="An_unpinned_key_id_is_rejected_even_with_a_valid_signature" fullname="Gibi.Tests.EditMode.GW_ASSET_001_SignatureVerification.An_unpinned_key_id_is_rejected_even_with_a_valid_signature" methodname="An_unpinned_key_id_is_rejected_even_with_a_valid_signature" classname="Gibi.Tests.EditMode.GW_ASSET_001_SignatureVerification" runstate="Runnable" seed="503346489" result="Passed" start-time="2026-08-03 18:57:42Z" end-time="2026-08-03 18:57:42Z" duration="0.000176" asserts="0">
                <properties>
                  <property name="retryIteration" value="0" />
                  <property name="repeatIteration" value="0" />
                </properties>
              </test-case>
              <test-case id="1109" name="Malformed_signature_length_is_a_rejection_not_an_exception" fullname="Gibi.Tests.EditMode.GW_ASSET_001_SignatureVerification.Malformed_signature_length_is_a_rejection_not_an_exception" methodname="Malformed_signature_length_is_a_rejection_not_an_exception" classname="Gibi.Tests.EditMode.GW_ASSET_001_SignatureVerification" runstate="Runnable" seed="39785159" result="Passed" start-time="2026-08-03 18:57:42Z" end-time="2026-08-03 18:57:42Z" duration="0.000124" asserts="0">
                <properties>
                  <property name="retryIteration" value="0" />
                  <property name="repeatIteration" value="0" />
                </properties>
              </test-case>
              <test-case id="1104" name="Real_preset_signature_verifies_against_the_pinned_key" fullname="Gibi.Tests.EditMode.GW_ASSET_001_SignatureVerification.Real_preset_signature_verifies_against_the_pinned_key" methodname="Real_preset_signature_verifies_against_the_pinned_key" classname="Gibi.Tests.EditMode.GW_ASSET_001_SignatureVerification" runstate="Runnable" seed="101960351" result="Passed" start-time="2026-08-03 18:57:42Z" end-time="2026-08-03 18:57:42Z" duration="0.006668" asserts="0">
                <properties>
                  <property name="retryIteration" value="0" />
                  <property name="repeatIteration" value="0" />
                </properties>
              </test-case>
              <test-case id="1108" name="Revoking_a_key_takes_effect_immediately" fullname="Gibi.Tests.EditMode.GW_ASSET_001_SignatureVerification.Revoking_a_key_takes_effect_immediately" methodname="Revoking_a_key_takes_effect_immediately" classname="Gibi.Tests.EditMode.GW_ASSET_001_SignatureVerification" runstate="Runnable" seed="1001365573" result="Passed" start-time="2026-08-03 18:57:42Z" end-time="2026-08-03 18:57:42Z" duration="0.007295" asserts="0">
                <properties>
                  <property name="retryIteration" value="0" />
                  <property name="repeatIteration" value="0" />
                </properties>
              </test-case>
              <test-case id="1110" name="Wrong_key_cannot_validate_another_keys_signature" fullname="Gibi.Tests.EditMode.GW_ASSET_001_SignatureVerification.Wrong_key_cannot_validate_another_keys_signature" methodname="Wrong_key_cannot_validate_another_keys_signature" classname="Gibi.Tests.EditMode.GW_ASSET_001_SignatureVerification" runstate="Runnable" seed="2104995725" result="Passed" start-time="2026-08-03 18:57:42Z" end-time="2026-08-03 18:57:42Z" duration="0.000506" asserts="0">
                <properties>
                  <property name="retryIteration" value="0" />
                  <property name="repeatIteration" value="0" />
                </properties>
              </test-case>
            </test-suite>
            <test-suite type="TestFixture" id="1085" name="GW_ASSET_002_ManifestCanonicalization" fullname="Gibi.Tests.EditMode.GW_ASSET_002_ManifestCanonicalization" classname="Gibi.Tests.EditMode.GW_ASSET_002_ManifestCanonicalization" runstate="Runnable" testcasecount="3" result="Passed" start-time="2026-08-03 18:57:42Z" end-time="2026-08-03 18:57:42Z" duration="0.018403" total="3" passed="3" failed="0" inconclusive="0" skipped="0" asserts="0">
              <properties />
              <test-case id="1087" name="Canonical_form_contains_no_whitespace_and_omits_the_signature" fullname="Gibi.Tests.EditMode.GW_ASSET_002_ManifestCanonicalization.Canonical_form_contains_no_whitespace_and_omits_the_signature" methodname="Canonical_form_contains_no_whitespace_and_omits_the_signature" classname="Gibi.Tests.EditMode.GW_ASSET_002_ManifestCanonicalization" runstate="Runnable" seed="1975496622" result="Passed" start-time="2026-08-03 18:57:42Z" end-time="2026-08-03 18:57:42Z" duration="0.002204" asserts="0">
                <properties>
                  <property name="retryIteration" value="0" />
                  <property name="repeatIteration" value="0" />
                </properties>
              </test-case>
              <test-case id="1086" name="Shipped_manifest_verifies_through_the_real_canonicalizer" fullname="Gibi.Tests.EditMode.GW_ASSET_002_ManifestCanonicalization.Shipped_manifest_verifies_through_the_real_canonicalizer" methodname="Shipped_manifest_verifies_through_the_real_canonicalizer" classname="Gibi.Tests.EditMode.GW_ASSET_002_ManifestCanonicalization" runstate="Runnable" seed="1652845700" result="Passed" start-time="2026-08-03 18:57:42Z" end-time="2026-08-03 18:57:42Z" duration="0.008047" asserts="0">
                <properties>
                  <property name="retryIteration" value="0" />
                  <property name="repeatIteration" value="0" />
                </properties>
              </test-case>
              <test-case id="1088" name="Tampering_with_the_shipped_manifest_breaks_verification" fullname="Gibi.Tests.EditMode.GW_ASSET_002_ManifestCanonicalization.Tampering_with_the_shipped_manifest_breaks_verification" methodname="Tampering_with_the_shipped_manifest_breaks_verification" classname="Gibi.Tests.EditMode.GW_ASSET_002_ManifestCanonicalization" runstate="Runnable" seed="20523020" result="Passed" start-time="2026-08-03 18:57:42Z" end-time="2026-08-03 18:57:42Z" duration="0.007531" asserts="0">
                <properties>
                  <property name="retryIteration" value="0" />
                  <property name="repeatIteration" value="0" />
                </properties>
              </test-case>
            </test-suite>
            <test-suite type="TestFixture" id="1038" name="GW_Connectivity" fullname="Gibi.Tests.EditMode.GW_Connectivity" classname="Gibi.Tests.EditMode.GW_Connectivity" runstate="Runnable" testcasecount="12" result="Passed" start-time="2026-08-03 18:57:42Z" end-time="2026-08-03 18:57:42Z" duration="0.001842" total="12" passed="12" failed="0" inconclusive="0" skipped="0" asserts="0">
              <properties />
              <test-case id="1048" name="A_successful_update_poll_also_refreshes_entitlement_freshness" fullname="Gibi.Tests.EditMode.GW_Connectivity.A_successful_update_poll_also_refreshes_entitlement_freshness" methodname="A_successful_update_poll_also_refreshes_entitlement_freshness" classname="Gibi.Tests.EditMode.GW_Connectivity" runstate="Runnable" seed="230507323" result="Passed" start-time="2026-08-03 18:57:42Z" end-time="2026-08-03 18:57:42Z" duration="0.000173" asserts="0">
                <properties>
                  <property name="retryIteration" value="0" />
                  <property name="repeatIteration" value="0" />
                </properties>
              </test-case>
              <test-case id="1049" name="Failed_poll_does_not_refresh_anything" fullname="Gibi.Tests.EditMode.GW_Connectivity.Failed_poll_does_not_refresh_anything" methodname="Failed_poll_does_not_refresh_anything" classname="Gibi.Tests.EditMode.GW_Connectivity" runstate="Runnable" seed="1889772416" result="Passed" start-time="2026-08-03 18:57:42Z" end-time="2026-08-03 18:57:42Z" duration="0.000056" asserts="0">
                <properties>
                  <property name="retryIteration" value="0" />
                  <property name="repeatIteration" value="0" />
                </properties>
              </test-case>
              <test-case id="1047" name="Foregrounding_triggers_a_prompt_update_check" fullname="Gibi.Tests.EditMode.GW_Connectivity.Foregrounding_triggers_a_prompt_update_check" methodname="Foregrounding_triggers_a_prompt_update_check" classname="Gibi.Tests.EditMode.GW_Connectivity" runstate="Runnable" seed="1583870319" result="Passed" start-time="2026-08-03 18:57:42Z" end-time="2026-08-03 18:57:42Z" duration="0.000090" asserts="0">
                <properties>
                  <property name="retryIteration" value="0" />
                  <property name="repeatIteration" value="0" />
                </properties>
              </test-case>
              <test-case id="1044" name="Grace_period_is_silent_and_bounded" fullname="Gibi.Tests.EditMode.GW_Connectivity.Grace_period_is_silent_and_bounded" methodname="Grace_period_is_silent_and_bounded" classname="Gibi.Tests.EditMode.GW_Connectivity" runstate="Runnable" seed="1410164982" result="Passed" start-time="2026-08-03 18:57:42Z" end-time="2026-08-03 18:57:42Z" duration="0.000073" asserts="0">
                <properties>
                  <property name="retryIteration" value="0" />
                  <property name="repeatIteration" value="0" />
                </properties>
              </test-case>
              <test-case id="1045" name="Kill_switch_stops_play_at_the_next_poll_not_the_next_window" fullname="Gibi.Tests.EditMode.GW_Connectivity.Kill_switch_stops_play_at_the_next_poll_not_the_next_window" methodname="Kill_switch_stops_play_at_the_next_poll_not_the_next_window" classname="Gibi.Tests.EditMode.GW_Connectivity" runstate="Runnable" seed="2104198205" result="Passed" start-time="2026-08-03 18:57:42Z" end-time="2026-08-03 18:57:42Z" duration="0.000087" asserts="0">
                <properties>
                  <property name="retryIteration" value="0" />
                  <property name="repeatIteration" value="0" />
                </properties>
              </test-case>
              <test-case id="1043" name="Offline_play_does_not_extend_forever" fullname="Gibi.Tests.EditMode.GW_Connectivity.Offline_play_does_not_extend_forever" methodname="Offline_play_does_not_extend_forever" classname="Gibi.Tests.EditMode.GW_Connectivity" runstate="Runnable" seed="351698255" result="Passed" start-time="2026-08-03 18:57:42Z" end-time="2026-08-03 18:57:42Z" duration="0.000052" asserts="0">
                <properties>
                  <property name="retryIteration" value="0" />
                  <property name="repeatIteration" value="0" />
                </properties>
              </test-case>
              <test-case id="1042" name="Play_survives_a_network_drop_mid_session" fullname="Gibi.Tests.EditMode.GW_Connectivity.Play_survives_a_network_drop_mid_session" methodname="Play_survives_a_network_drop_mid_session" classname="Gibi.Tests.EditMode.GW_Connectivity" runstate="Runnable" seed="862754158" result="Passed" start-time="2026-08-03 18:57:42Z" end-time="2026-08-03 18:57:42Z" duration="0.000049" asserts="0">
                <properties>
                  <property name="retryIteration" value="0" />
                  <property name="repeatIteration" value="0" />
                </properties>
              </test-case>
              <test-case id="1041" name="Revocation_takes_effect_immediately_with_no_grace" fullname="Gibi.Tests.EditMode.GW_Connectivity.Revocation_takes_effect_immediately_with_no_grace" methodname="Revocation_takes_effect_immediately_with_no_grace" classname="Gibi.Tests.EditMode.GW_Connectivity" runstate="Runnable" seed="936695051" result="Passed" start-time="2026-08-03 18:57:42Z" end-time="2026-08-03 18:57:42Z" duration="0.000051" asserts="0">
                <properties>
                  <property name="retryIteration" value="0" />
                  <property name="repeatIteration" value="0" />
                </properties>
              </test-case>
              <test-case id="1050" name="Safety_revision_propagates_for_section_9_2_invalidation" fullname="Gibi.Tests.EditMode.GW_Connectivity.Safety_revision_propagates_for_section_9_2_invalidation" methodname="Safety_revision_propagates_for_section_9_2_invalidation" classname="Gibi.Tests.EditMode.GW_Connectivity" runstate="Runnable" seed="1405190926" result="Passed" start-time="2026-08-03 18:57:42Z" end-time="2026-08-03 18:57:42Z" duration="0.000052" asserts="0">
                <properties>
                  <property name="retryIteration" value="0" />
                  <property name="repeatIteration" value="0" />
                </properties>
              </test-case>
              <test-case id="1039" name="Session_cannot_start_without_a_successful_check" fullname="Gibi.Tests.EditMode.GW_Connectivity.Session_cannot_start_without_a_successful_check" methodname="Session_cannot_start_without_a_successful_check" classname="Gibi.Tests.EditMode.GW_Connectivity" runstate="Runnable" seed="2137416844" result="Passed" start-time="2026-08-03 18:57:42Z" end-time="2026-08-03 18:57:42Z" duration="0.000040" asserts="0">
                <properties>
                  <property name="retryIteration" value="0" />
                  <property name="repeatIteration" value="0" />
                </properties>
              </test-case>
              <test-case id="1040" name="Unreachable_server_is_not_treated_as_permission" fullname="Gibi.Tests.EditMode.GW_Connectivity.Unreachable_server_is_not_treated_as_permission" methodname="Unreachable_server_is_not_treated_as_permission" classname="Gibi.Tests.EditMode.GW_Connectivity" runstate="Runnable" seed="1275022029" result="Passed" start-time="2026-08-03 18:57:42Z" end-time="2026-08-03 18:57:42Z" duration="0.000043" asserts="0">
                <properties>
                  <property name="retryIteration" value="0" />
                  <property name="repeatIteration" value="0" />
                </properties>
              </test-case>
              <test-case id="1046" name="Update_polling_is_faster_than_entitlement_revalidation" fullname="Gibi.Tests.EditMode.GW_Connectivity.Update_polling_is_faster_than_entitlement_revalidation" methodname="Update_polling_is_faster_than_entitlement_revalidation" classname="Gibi.Tests.EditMode.GW_Connectivity" runstate="Runnable" seed="1842758648" result="Passed" start-time="2026-08-03 18:57:42Z" end-time="2026-08-03 18:57:42Z" duration="0.000061" asserts="0">
                <properties>
                  <property name="retryIteration" value="0" />
                  <property name="repeatIteration" value="0" />
                </properties>
              </test-case>
            </test-suite>
            <test-suite type="TestFixture" id="1127" name="GW_GAME_001_SafetyOverride" fullname="Gibi.Tests.EditMode.GW_GAME_001_SafetyOverride" classname="Gibi.Tests.EditMode.GW_GAME_001_SafetyOverride" runstate="Runnable" testcasecount="4" result="Passed" start-time="2026-08-03 18:57:42Z" end-time="2026-08-03 18:57:42Z" duration="0.001117" total="4" passed="4" failed="0" inconclusive="0" skipped="0" asserts="0">
              <properties />
              <test-case id="1130" name="Arbiter_evaluates_at_ten_hertz" fullname="Gibi.Tests.EditMode.GW_GAME_001_SafetyOverride.Arbiter_evaluates_at_ten_hertz" methodname="Arbiter_evaluates_at_ten_hertz" classname="Gibi.Tests.EditMode.GW_GAME_001_SafetyOverride" runstate="Runnable" seed="1882670977" result="Passed" start-time="2026-08-03 18:57:42Z" end-time="2026-08-03 18:57:42Z" duration="0.000142" asserts="0">
                <properties>
                  <property name="retryIteration" value="0" />
                  <property name="repeatIteration" value="0" />
                </properties>
              </test-case>
              <test-case id="1129" name="Lower_priority_cannot_preempt_a_locked_action" fullname="Gibi.Tests.EditMode.GW_GAME_001_SafetyOverride.Lower_priority_cannot_preempt_a_locked_action" methodname="Lower_priority_cannot_preempt_a_locked_action" classname="Gibi.Tests.EditMode.GW_GAME_001_SafetyOverride" runstate="Runnable" seed="1630869475" result="Passed" start-time="2026-08-03 18:57:42Z" end-time="2026-08-03 18:57:42Z" duration="0.000323" asserts="0">
                <properties>
                  <property name="retryIteration" value="0" />
                  <property name="repeatIteration" value="0" />
                </properties>
              </test-case>
              <test-case id="1131" name="Missing_ai_mapping_falls_back_to_calm_idle_without_error" fullname="Gibi.Tests.EditMode.GW_GAME_001_SafetyOverride.Missing_ai_mapping_falls_back_to_calm_idle_without_error" methodname="Missing_ai_mapping_falls_back_to_calm_idle_without_error" classname="Gibi.Tests.EditMode.GW_GAME_001_SafetyOverride" runstate="Runnable" seed="872239272" result="Passed" start-time="2026-08-03 18:57:42Z" end-time="2026-08-03 18:57:42Z" duration="0.000043" asserts="0">
                <properties>
                  <property name="retryIteration" value="0" />
                  <property name="repeatIteration" value="0" />
                </properties>
              </test-case>
              <test-case id="1128" name="Safety_interrupts_every_lower_priority_layer_immediately" fullname="Gibi.Tests.EditMode.GW_GAME_001_SafetyOverride.Safety_interrupts_every_lower_priority_layer_immediately" methodname="Safety_interrupts_every_lower_priority_layer_immediately" classname="Gibi.Tests.EditMode.GW_GAME_001_SafetyOverride" runstate="Runnable" seed="624772935" result="Passed" start-time="2026-08-03 18:57:42Z" end-time="2026-08-03 18:57:42Z" duration="0.000090" asserts="0">
                <properties>
                  <property name="retryIteration" value="0" />
                  <property name="repeatIteration" value="0" />
                </properties>
              </test-case>
            </test-suite>
            <test-suite type="TestFixture" id="1132" name="GW_GAME_002_FrameRateDeterminism" fullname="Gibi.Tests.EditMode.GW_GAME_002_FrameRateDeterminism" classname="Gibi.Tests.EditMode.GW_GAME_002_FrameRateDeterminism" runstate="Runnable" testcasecount="2" result="Passed" start-time="2026-08-03 18:57:42Z" end-time="2026-08-03 18:57:42Z" duration="0.000975" total="2" passed="2" failed="0" inconclusive="0" skipped="0" asserts="0">
              <properties />
              <test-case id="1134" name="Fixed_timestep_is_exactly_fifty_hertz" fullname="Gibi.Tests.EditMode.GW_GAME_002_FrameRateDeterminism.Fixed_timestep_is_exactly_fifty_hertz" methodname="Fixed_timestep_is_exactly_fifty_hertz" classname="Gibi.Tests.EditMode.GW_GAME_002_FrameRateDeterminism" runstate="Runnable" seed="1032504693" result="Passed" start-time="2026-08-03 18:57:42Z" end-time="2026-08-03 18:57:42Z" duration="0.000359" asserts="0">
                <properties>
                  <property name="retryIteration" value="0" />
                  <property name="repeatIteration" value="0" />
                </properties>
              </test-case>
              <test-case id="1133" name="Locomotion_distance_is_identical_at_30_60_and_120_fps" fullname="Gibi.Tests.EditMode.GW_GAME_002_FrameRateDeterminism.Locomotion_distance_is_identical_at_30_60_and_120_fps" methodname="Locomotion_distance_is_identical_at_30_60_and_120_fps" classname="Gibi.Tests.EditMode.GW_GAME_002_FrameRateDeterminism" runstate="Runnable" seed="420281959" result="Passed" start-time="2026-08-03 18:57:42Z" end-time="2026-08-03 18:57:42Z" duration="0.000268" asserts="0">
                <properties>
                  <property name="retryIteration" value="0" />
                  <property name="repeatIteration" value="0" />
                </properties>
              </test-case>
            </test-suite>
            <test-suite type="TestFixture" id="1135" name="GW_GAME_003_SweptGateCrossing" fullname="Gibi.Tests.EditMode.GW_GAME_003_SweptGateCrossing" classname="Gibi.Tests.EditMode.GW_GAME_003_SweptGateCrossing" runstate="Runnable" testcasecount="3" result="Passed" start-time="2026-08-03 18:57:42Z" end-time="2026-08-03 18:57:42Z" duration="0.001134" total="3" passed="3" failed="0" inconclusive="0" skipped="0" asserts="0">
              <properties />
              <test-case id="1136" name="Fast_pass_that_skips_the_plane_between_frames_is_still_detected" fullname="Gibi.Tests.EditMode.GW_GAME_003_SweptGateCrossing.Fast_pass_that_skips_the_plane_between_frames_is_still_detected" methodname="Fast_pass_that_skips_the_plane_between_frames_is_still_detected" classname="Gibi.Tests.EditMode.GW_GAME_003_SweptGateCrossing" runstate="Runnable" seed="1465869636" result="Passed" start-time="2026-08-03 18:57:42Z" end-time="2026-08-03 18:57:42Z" duration="0.000375" asserts="0">
                <properties>
                  <property name="retryIteration" value="0" />
                  <property name="repeatIteration" value="0" />
                </properties>
              </test-case>
              <test-case id="1138" name="Out_of_order_crossing_is_flagged" fullname="Gibi.Tests.EditMode.GW_GAME_003_SweptGateCrossing.Out_of_order_crossing_is_flagged" methodname="Out_of_order_crossing_is_flagged" classname="Gibi.Tests.EditMode.GW_GAME_003_SweptGateCrossing" runstate="Runnable" seed="533049292" result="Passed" start-time="2026-08-03 18:57:42Z" end-time="2026-08-03 18:57:42Z" duration="0.000181" asserts="0">
                <properties>
                  <property name="retryIteration" value="0" />
                  <property name="repeatIteration" value="0" />
                </properties>
              </test-case>
              <test-case id="1137" name="Passing_beside_the_gate_post_does_not_count" fullname="Gibi.Tests.EditMode.GW_GAME_003_SweptGateCrossing.Passing_beside_the_gate_post_does_not_count" methodname="Passing_beside_the_gate_post_does_not_count" classname="Gibi.Tests.EditMode.GW_GAME_003_SweptGateCrossing" runstate="Runnable" seed="246649701" result="Passed" start-time="2026-08-03 18:57:42Z" end-time="2026-08-03 18:57:42Z" duration="0.000064" asserts="0">
                <properties>
                  <property name="retryIteration" value="0" />
                  <property name="repeatIteration" value="0" />
                </properties>
              </test-case>
            </test-suite>
            <test-suite type="TestFixture" id="1089" name="GW_GAME_005_OfflineParity" fullname="Gibi.Tests.EditMode.GW_GAME_005_OfflineParity" classname="Gibi.Tests.EditMode.GW_GAME_005_OfflineParity" runstate="Runnable" testcasecount="9" result="Passed" start-time="2026-08-03 18:57:42Z" end-time="2026-08-03 18:57:42Z" duration="0.002725" total="9" passed="9" failed="0" inconclusive="0" skipped="0" asserts="0">
              <properties />
              <test-case id="1093" name="Absent_AI_changes_nothing" fullname="Gibi.Tests.EditMode.GW_GAME_005_OfflineParity.Absent_AI_changes_nothing" methodname="Absent_AI_changes_nothing" classname="Gibi.Tests.EditMode.GW_GAME_005_OfflineParity" runstate="Runnable" seed="95327653" result="Passed" start-time="2026-08-03 18:57:42Z" end-time="2026-08-03 18:57:42Z" duration="0.000138" asserts="0">
                <properties>
                  <property name="retryIteration" value="0" />
                  <property name="repeatIteration" value="0" />
                </properties>
              </test-case>
              <test-case id="1095" name="AI_can_never_introduce_an_intent_the_pet_could_not_already_do" fullname="Gibi.Tests.EditMode.GW_GAME_005_OfflineParity.AI_can_never_introduce_an_intent_the_pet_could_not_already_do" methodname="AI_can_never_introduce_an_intent_the_pet_could_not_already_do" classname="Gibi.Tests.EditMode.GW_GAME_005_OfflineParity" runstate="Runnable" seed="1886329355" result="Passed" start-time="2026-08-03 18:57:42Z" end-time="2026-08-03 18:57:42Z" duration="0.000097" asserts="0">
                <properties>
                  <property name="retryIteration" value="0" />
                  <property name="repeatIteration" value="0" />
                </properties>
              </test-case>
              <test-case id="1098" name="Fully_offline_session_yields_the_same_capability_as_a_connected_one" fullname="Gibi.Tests.EditMode.GW_GAME_005_OfflineParity.Fully_offline_session_yields_the_same_capability_as_a_connected_one" methodname="Fully_offline_session_yields_the_same_capability_as_a_connected_one" classname="Gibi.Tests.EditMode.GW_GAME_005_OfflineParity" runstate="Runnable" seed="2008433876" result="Passed" start-time="2026-08-03 18:57:42Z" end-time="2026-08-03 18:57:42Z" duration="0.000974" asserts="0">
                <properties>
                  <property name="retryIteration" value="0" />
                  <property name="repeatIteration" value="0" />
                </properties>
              </test-case>
              <test-case id="1094" name="Late_AI_is_treated_exactly_like_absent_AI" fullname="Gibi.Tests.EditMode.GW_GAME_005_OfflineParity.Late_AI_is_treated_exactly_like_absent_AI" methodname="Late_AI_is_treated_exactly_like_absent_AI" classname="Gibi.Tests.EditMode.GW_GAME_005_OfflineParity" runstate="Runnable" seed="452817275" result="Passed" start-time="2026-08-03 18:57:42Z" end-time="2026-08-03 18:57:42Z" duration="0.000075" asserts="0">
                <properties>
                  <property name="retryIteration" value="0" />
                  <property name="repeatIteration" value="0" />
                </properties>
              </test-case>
              <test-case id="1092" name="Local_choice_is_deterministic_for_the_same_pet_and_state" fullname="Gibi.Tests.EditMode.GW_GAME_005_OfflineParity.Local_choice_is_deterministic_for_the_same_pet_and_state" methodname="Local_choice_is_deterministic_for_the_same_pet_and_state" classname="Gibi.Tests.EditMode.GW_GAME_005_OfflineParity" runstate="Runnable" seed="1963629469" result="Passed" start-time="2026-08-03 18:57:42Z" end-time="2026-08-03 18:57:42Z" duration="0.000045" asserts="0">
                <properties>
                  <property name="retryIteration" value="0" />
                  <property name="repeatIteration" value="0" />
                </properties>
              </test-case>
              <test-case id="1091" name="Local_choice_never_returns_nothing" fullname="Gibi.Tests.EditMode.GW_GAME_005_OfflineParity.Local_choice_never_returns_nothing" methodname="Local_choice_never_returns_nothing" classname="Gibi.Tests.EditMode.GW_GAME_005_OfflineParity" runstate="Runnable" seed="668896123" result="Passed" start-time="2026-08-03 18:57:42Z" end-time="2026-08-03 18:57:42Z" duration="0.000377" asserts="0">
                <properties>
                  <property name="retryIteration" value="0" />
                  <property name="repeatIteration" value="0" />
                </properties>
              </test-case>
              <test-case id="1090" name="Local_library_covers_every_intent_the_AI_can_propose" fullname="Gibi.Tests.EditMode.GW_GAME_005_OfflineParity.Local_library_covers_every_intent_the_AI_can_propose" methodname="Local_library_covers_every_intent_the_AI_can_propose" classname="Gibi.Tests.EditMode.GW_GAME_005_OfflineParity" runstate="Runnable" seed="1953880255" result="Passed" start-time="2026-08-03 18:57:42Z" end-time="2026-08-03 18:57:42Z" duration="0.000076" asserts="0">
                <properties>
                  <property name="retryIteration" value="0" />
                  <property name="repeatIteration" value="0" />
                </properties>
              </test-case>
              <test-case id="1097" name="Missing_AI_is_never_surfaced_to_the_player" fullname="Gibi.Tests.EditMode.GW_GAME_005_OfflineParity.Missing_AI_is_never_surfaced_to_the_player" methodname="Missing_AI_is_never_surfaced_to_the_player" classname="Gibi.Tests.EditMode.GW_GAME_005_OfflineParity" runstate="Runnable" seed="351581319" result="Passed" start-time="2026-08-03 18:57:42Z" end-time="2026-08-03 18:57:42Z" duration="0.000037" asserts="0">
                <properties>
                  <property name="retryIteration" value="0" />
                  <property name="repeatIteration" value="0" />
                </properties>
              </test-case>
              <test-case id="1096" name="Stale_context_revision_is_rejected" fullname="Gibi.Tests.EditMode.GW_GAME_005_OfflineParity.Stale_context_revision_is_rejected" methodname="Stale_context_revision_is_rejected" classname="Gibi.Tests.EditMode.GW_GAME_005_OfflineParity" runstate="Runnable" seed="283172078" result="Passed" start-time="2026-08-03 18:57:42Z" end-time="2026-08-03 18:57:42Z" duration="0.000046" asserts="0">
                <properties>
                  <property name="retryIteration" value="0" />
                  <property name="repeatIteration" value="0" />
                </properties>
              </test-case>
            </test-suite>
            <test-suite type="TestFixture" id="1099" name="GW_PlacementAccessibility" fullname="Gibi.Tests.EditMode.GW_PlacementAccessibility" classname="Gibi.Tests.EditMode.GW_PlacementAccessibility" runstate="Runnable" testcasecount="3" result="Passed" start-time="2026-08-03 18:57:42Z" end-time="2026-08-03 18:57:42Z" duration="0.002234" total="3" passed="3" failed="0" inconclusive="0" skipped="0" asserts="0">
              <properties />
              <test-case id="1100" name="Every_rejection_carries_an_icon_and_a_label_not_just_a_colour" fullname="Gibi.Tests.EditMode.GW_PlacementAccessibility.Every_rejection_carries_an_icon_and_a_label_not_just_a_colour" methodname="Every_rejection_carries_an_icon_and_a_label_not_just_a_colour" classname="Gibi.Tests.EditMode.GW_PlacementAccessibility" runstate="Runnable" seed="601781549" result="Passed" start-time="2026-08-03 18:57:42Z" end-time="2026-08-03 18:57:42Z" duration="0.001566" asserts="0">
                <properties>
                  <property name="retryIteration" value="0" />
                  <property name="repeatIteration" value="0" />
                </properties>
              </test-case>
              <test-case id="1102" name="Hazard_rejection_reaches_the_user_as_a_label_not_a_silent_failure" fullname="Gibi.Tests.EditMode.GW_PlacementAccessibility.Hazard_rejection_reaches_the_user_as_a_label_not_a_silent_failure" methodname="Hazard_rejection_reaches_the_user_as_a_label_not_a_silent_failure" classname="Gibi.Tests.EditMode.GW_PlacementAccessibility" runstate="Runnable" seed="1772163129" result="Passed" start-time="2026-08-03 18:57:42Z" end-time="2026-08-03 18:57:42Z" duration="0.000135" asserts="0">
                <properties>
                  <property name="retryIteration" value="0" />
                  <property name="repeatIteration" value="0" />
                </properties>
              </test-case>
              <test-case id="1101" name="Passenger_safe_mode_is_announced_accessibly" fullname="Gibi.Tests.EditMode.GW_PlacementAccessibility.Passenger_safe_mode_is_announced_accessibly" methodname="Passenger_safe_mode_is_announced_accessibly" classname="Gibi.Tests.EditMode.GW_PlacementAccessibility" runstate="Runnable" seed="1300617389" result="Passed" start-time="2026-08-03 18:57:42Z" end-time="2026-08-03 18:57:42Z" duration="0.000111" asserts="0">
                <properties>
                  <property name="retryIteration" value="0" />
                  <property name="repeatIteration" value="0" />
                </properties>
              </test-case>
            </test-suite>
            <test-suite type="TestFixture" id="1142" name="GW_SafetyGate_PassengerMode" fullname="Gibi.Tests.EditMode.GW_SafetyGate_PassengerMode" classname="Gibi.Tests.EditMode.GW_SafetyGate_PassengerMode" runstate="Runnable" testcasecount="1" result="Passed" start-time="2026-08-03 18:57:42Z" end-time="2026-08-03 18:57:42Z" duration="0.000568" total="1" passed="1" failed="0" inconclusive="0" skipped="0" asserts="0">
              <properties />
              <test-case id="1143" name="Sustained_speed_above_threshold_enters_passenger_safe_mode" fullname="Gibi.Tests.EditMode.GW_SafetyGate_PassengerMode.Sustained_speed_above_threshold_enters_passenger_safe_mode" methodname="Sustained_speed_above_threshold_enters_passenger_safe_mode" classname="Gibi.Tests.EditMode.GW_SafetyGate_PassengerMode" runstate="Runnable" seed="708368806" result="Passed" start-time="2026-08-03 18:57:42Z" end-time="2026-08-03 18:57:42Z" duration="0.000124" asserts="0">
                <properties>
                  <property name="retryIteration" value="0" />
                  <property name="repeatIteration" value="0" />
                </properties>
              </test-case>
            </test-suite>
            <test-suite type="TestFixture" id="1139" name="GW_SEC_ConstantTimeDigest" fullname="Gibi.Tests.EditMode.GW_SEC_ConstantTimeDigest" classname="Gibi.Tests.EditMode.GW_SEC_ConstantTimeDigest" runstate="Runnable" testcasecount="2" result="Passed" start-time="2026-08-03 18:57:42Z" end-time="2026-08-03 18:57:42Z" duration="0.000550" total="2" passed="2" failed="0" inconclusive="0" skipped="0" asserts="0">
              <properties />
              <test-case id="1140" name="Digest_comparison_rejects_mismatch" fullname="Gibi.Tests.EditMode.GW_SEC_ConstantTimeDigest.Digest_comparison_rejects_mismatch" methodname="Digest_comparison_rejects_mismatch" classname="Gibi.Tests.EditMode.GW_SEC_ConstantTimeDigest" runstate="Runnable" seed="1216831246" result="Passed" start-time="2026-08-03 18:57:42Z" end-time="2026-08-03 18:57:42Z" duration="0.000164" asserts="0">
                <properties>
                  <property name="retryIteration" value="0" />
                  <property name="repeatIteration" value="0" />
                </properties>
              </test-case>
              <test-case id="1141" name="Transfer_limit_is_45_mebibytes" fullname="Gibi.Tests.EditMode.GW_SEC_ConstantTimeDigest.Transfer_limit_is_45_mebibytes" methodname="Transfer_limit_is_45_mebibytes" classname="Gibi.Tests.EditMode.GW_SEC_ConstantTimeDigest" runstate="Runnable" seed="372921940" result="Passed" start-time="2026-08-03 18:57:42Z" end-time="2026-08-03 18:57:42Z" duration="0.000038" asserts="0">
                <properties>
                  <property name="retryIteration" value="0" />
                  <property name="repeatIteration" value="0" />
                </properties>
              </test-case>
            </test-suite>
            <test-suite type="TestFixture" id="1072" name="ModifierClamping" fullname="Gibi.Tests.EditMode.ModifierClamping" classname="Gibi.Tests.EditMode.ModifierClamping" runstate="Runnable" testcasecount="4" result="Passed" start-time="2026-08-03 18:57:42Z" end-time="2026-08-03 18:57:42Z" duration="0.000802" total="4" passed="4" failed="0" inconclusive="0" skipped="0" asserts="0">
              <properties />
              <test-case id="1075" name="A_hesitant_approach_cannot_have_zero_latency" fullname="Gibi.Tests.EditMode.ModifierClamping.A_hesitant_approach_cannot_have_zero_latency" methodname="A_hesitant_approach_cannot_have_zero_latency" classname="Gibi.Tests.EditMode.ModifierClamping" runstate="Runnable" seed="2023099907" result="Passed" start-time="2026-08-03 18:57:42Z" end-time="2026-08-03 18:57:42Z" duration="0.000113" asserts="0">
                <properties>
                  <property name="retryIteration" value="0" />
                  <property name="repeatIteration" value="0" />
                </properties>
              </test-case>
              <test-case id="1073" name="An_intent_cap_beats_a_requested_intensity" fullname="Gibi.Tests.EditMode.ModifierClamping.An_intent_cap_beats_a_requested_intensity" methodname="An_intent_cap_beats_a_requested_intensity" classname="Gibi.Tests.EditMode.ModifierClamping" runstate="Runnable" seed="1001716078" result="Passed" start-time="2026-08-03 18:57:42Z" end-time="2026-08-03 18:57:42Z" duration="0.000058" asserts="0">
                <properties>
                  <property name="retryIteration" value="0" />
                  <property name="repeatIteration" value="0" />
                </properties>
              </test-case>
              <test-case id="1074" name="NaN_intensity_falls_to_the_calmest_value" fullname="Gibi.Tests.EditMode.ModifierClamping.NaN_intensity_falls_to_the_calmest_value" methodname="NaN_intensity_falls_to_the_calmest_value" classname="Gibi.Tests.EditMode.ModifierClamping" runstate="Runnable" seed="1008541411" result="Passed" start-time="2026-08-03 18:57:42Z" end-time="2026-08-03 18:57:42Z" duration="0.000059" asserts="0">
                <properties>
                  <property name="retryIteration" value="0" />
                  <property name="repeatIteration" value="0" />
                </properties>
              </test-case>
              <test-case id="1076" name="Out_of_range_values_are_narrowed_never_honoured" fullname="Gibi.Tests.EditMode.ModifierClamping.Out_of_range_values_are_narrowed_never_honoured" methodname="Out_of_range_values_are_narrowed_never_honoured" classname="Gibi.Tests.EditMode.ModifierClamping" runstate="Runnable" seed="1637018918" result="Passed" start-time="2026-08-03 18:57:42Z" end-time="2026-08-03 18:57:42Z" duration="0.000064" asserts="0">
                <properties>
                  <property name="retryIteration" value="0" />
                  <property name="repeatIteration" value="0" />
                </properties>
              </test-case>
            </test-suite>
            <test-suite type="TestFixture" id="1051" name="PolicyDeterminism" fullname="Gibi.Tests.EditMode.PolicyDeterminism" classname="Gibi.Tests.EditMode.PolicyDeterminism" runstate="Runnable" testcasecount="3" result="Passed" start-time="2026-08-03 18:57:42Z" end-time="2026-08-03 18:57:42Z" duration="0.000963" total="3" passed="3" failed="0" inconclusive="0" skipped="0" asserts="0">
              <properties />
[...]
                </properties>
              </test-case>
              <test-case id="1380" name="SafePath_InvalidRootPath_ReturnsError" fullname="UnitySkills.Tests.Core.ValidateTests.SafePath_InvalidRootPath_ReturnsError" methodname="SafePath_InvalidRootPath_ReturnsError" classname="UnitySkills.Tests.Core.ValidateTests" runstate="Runnable" seed="1039533080" result="Passed" start-time="2026-08-03 18:57:51Z" end-time="2026-08-03 18:57:51Z" duration="0.000046" asserts="0">
                <properties>
                  <property name="retryIteration" value="0" />
                  <property name="repeatIteration" value="0" />
                </properties>
              </test-case>
              <test-case id="1374" name="SafePath_NullPath_ReturnsError" fullname="UnitySkills.Tests.Core.ValidateTests.SafePath_NullPath_ReturnsError" methodname="SafePath_NullPath_ReturnsError" classname="UnitySkills.Tests.Core.ValidateTests" runstate="Runnable" seed="1902893578" result="Passed" start-time="2026-08-03 18:57:51Z" end-time="2026-08-03 18:57:51Z" duration="0.000045" asserts="0">
                <properties>
                  <property name="retryIteration" value="0" />
                  <property name="repeatIteration" value="0" />
                </properties>
              </test-case>
              <test-case id="1376" name="SafePath_PathTraversal_ReturnsError" fullname="UnitySkills.Tests.Core.ValidateTests.SafePath_PathTraversal_ReturnsError" methodname="SafePath_PathTraversal_ReturnsError" classname="UnitySkills.Tests.Core.ValidateTests" runstate="Runnable" seed="1495748439" result="Passed" start-time="2026-08-03 18:57:51Z" end-time="2026-08-03 18:57:51Z" duration="0.000047" asserts="0">
                <properties>
                  <property name="retryIteration" value="0" />
                  <property name="repeatIteration" value="0" />
                </properties>
              </test-case>
              <test-case id="1377" name="SafePath_PathTraversalDoubleDot_ReturnsError" fullname="UnitySkills.Tests.Core.ValidateTests.SafePath_PathTraversalDoubleDot_ReturnsError" methodname="SafePath_PathTraversalDoubleDot_ReturnsError" classname="UnitySkills.Tests.Core.ValidateTests" runstate="Runnable" seed="850427203" result="Passed" start-time="2026-08-03 18:57:51Z" end-time="2026-08-03 18:57:51Z" duration="0.000047" asserts="0">
                <properties>
                  <property name="retryIteration" value="0" />
                  <property name="repeatIteration" value="0" />
                </properties>
              </test-case>
              <test-case id="1378" name="SafePath_ValidAssetsPath_ReturnsNull" fullname="UnitySkills.Tests.Core.ValidateTests.SafePath_ValidAssetsPath_ReturnsNull" methodname="SafePath_ValidAssetsPath_ReturnsNull" classname="UnitySkills.Tests.Core.ValidateTests" runstate="Runnable" seed="1117668409" result="Passed" start-time="2026-08-03 18:57:51Z" end-time="2026-08-03 18:57:51Z" duration="0.000036" asserts="0">
                <properties>
                  <property name="retryIteration" value="0" />
                  <property name="repeatIteration" value="0" />
                </properties>
              </test-case>
              <test-case id="1379" name="SafePath_ValidPackagesPath_ReturnsNull" fullname="UnitySkills.Tests.Core.ValidateTests.SafePath_ValidPackagesPath_ReturnsNull" methodname="SafePath_ValidPackagesPath_ReturnsNull" classname="UnitySkills.Tests.Core.ValidateTests" runstate="Runnable" seed="215007402" result="Passed" start-time="2026-08-03 18:57:51Z" end-time="2026-08-03 18:57:51Z" duration="0.000041" asserts="0">
                <properties>
                  <property name="retryIteration" value="0" />
                  <property name="repeatIteration" value="0" />
                </properties>
              </test-case>
              <test-case id="1389" name="WorkflowHistoryData_EnsureDefaults_PreservesSchemaAndInitializesCollections" fullname="UnitySkills.Tests.Core.ValidateTests.WorkflowHistoryData_EnsureDefaults_PreservesSchemaAndInitializesCollections" methodname="WorkflowHistoryData_EnsureDefaults_PreservesSchemaAndInitializesCollections" classname="UnitySkills.Tests.Core.ValidateTests" runstate="Runnable" seed="867382868" result="Passed" start-time="2026-08-03 18:57:51Z" end-time="2026-08-03 18:57:51Z" duration="0.000091" asserts="0">
                <properties>
                  <property name="retryIteration" value="0" />
                  <property name="repeatIteration" value="0" />
                </properties>
              </test-case>
            </test-suite>
            <test-suite type="TestFixture" id="1390" name="WorkflowBackupResilienceTests" fullname="UnitySkills.Tests.Core.WorkflowBackupResilienceTests" classname="UnitySkills.Tests.Core.WorkflowBackupResilienceTests" runstate="Runnable" testcasecount="4" result="Passed" start-time="2026-08-03 18:57:51Z" end-time="2026-08-03 18:57:52Z" duration="1.102605" total="4" passed="4" failed="0" inconclusive="0" skipped="0" asserts="0">
              <properties />
              <test-case id="1392" name="LoadHistory_CorruptMainFile_QuarantinesFileAndSuppressesGC" fullname="UnitySkills.Tests.Core.WorkflowBackupResilienceTests.LoadHistory_CorruptMainFile_QuarantinesFileAndSuppressesGC" methodname="LoadHistory_CorruptMainFile_QuarantinesFileAndSuppressesGC" classname="UnitySkills.Tests.Core.WorkflowBackupResilienceTests" runstate="Runnable" seed="314263743" result="Passed" start-time="2026-08-03 18:57:51Z" end-time="2026-08-03 18:57:51Z" duration="0.268667" asserts="0">
                <properties>
                  <property name="retryIteration" value="0" />
                  <property name="repeatIteration" value="0" />
                </properties>
              </test-case>
              <test-case id="1391" name="RecordingTask_UncommittedBlob_SurvivesTrim_BecauseInFlightTaskIsReferenced" fullname="UnitySkills.Tests.Core.WorkflowBackupResilienceTests.RecordingTask_UncommittedBlob_SurvivesTrim_BecauseInFlightTaskIsReferenced" methodname="RecordingTask_UncommittedBlob_SurvivesTrim_BecauseInFlightTaskIsReferenced" classname="UnitySkills.Tests.Core.WorkflowBackupResilienceTests" runstate="Runnable" seed="1718267402" result="Passed" start-time="2026-08-03 18:57:51Z" end-time="2026-08-03 18:57:51Z" duration="0.358005" asserts="0">
                <properties>
                  <property name="retryIteration" value="0" />
                  <property name="repeatIteration" value="0" />
                </properties>
              </test-case>
              <test-case id="1394" name="RestoreFile_TamperedBlob_ReturnsFalseAndQuarantinesTheBlob" fullname="UnitySkills.Tests.Core.WorkflowBackupResilienceTests.RestoreFile_TamperedBlob_ReturnsFalseAndQuarantinesTheBlob" methodname="RestoreFile_TamperedBlob_ReturnsFalseAndQuarantinesTheBlob" classname="UnitySkills.Tests.Core.WorkflowBackupResilienceTests" runstate="Runnable" seed="1024503068" result="Passed" start-time="2026-08-03 18:57:51Z" end-time="2026-08-03 18:57:52Z" duration="0.231074" asserts="0">
                <properties>
                  <property name="retryIteration" value="0" />
                  <property name="repeatIteration" value="0" />
                </properties>
              </test-case>
              <test-case id="1393" name="SaveHistory_PreviousMainFileIsKeptAsBak" fullname="UnitySkills.Tests.Core.WorkflowBackupResilienceTests.SaveHistory_PreviousMainFileIsKeptAsBak" methodname="SaveHistory_PreviousMainFileIsKeptAsBak" classname="UnitySkills.Tests.Core.WorkflowBackupResilienceTests" runstate="Runnable" seed="941726426" result="Passed" start-time="2026-08-03 18:57:52Z" end-time="2026-08-03 18:57:52Z" duration="0.234880" asserts="0">
                <properties>
                  <property name="retryIteration" value="0" />
                  <property name="repeatIteration" value="0" />
                </properties>
              </test-case>
            </test-suite>
            <test-suite type="TestFixture" id="1395" name="WorkflowBookmarkTests" fullname="UnitySkills.Tests.Core.WorkflowBookmarkTests" classname="UnitySkills.Tests.Core.WorkflowBookmarkTests" runstate="Runnable" testcasecount="1" result="Passed" start-time="2026-08-03 18:57:52Z" end-time="2026-08-03 18:57:52Z" duration="0.008258" total="1" passed="1" failed="0" inconclusive="0" skipped="0" asserts="0">
              <properties />
              <test-case id="1396" name="BookmarkSet_ThenBookmarkList_ReturnsCreatedBookmark" fullname="UnitySkills.Tests.Core.WorkflowBookmarkTests.BookmarkSet_ThenBookmarkList_ReturnsCreatedBookmark" methodname="BookmarkSet_ThenBookmarkList_ReturnsCreatedBookmark" classname="UnitySkills.Tests.Core.WorkflowBookmarkTests" runstate="Runnable" seed="739777276" result="Passed" start-time="2026-08-03 18:57:52Z" end-time="2026-08-03 18:57:52Z" duration="0.006913" asserts="0">
                <properties>
                  <property name="retryIteration" value="0" />
                  <property name="repeatIteration" value="0" />
                </properties>
              </test-case>
            </test-suite>
            <test-suite type="TestFixture" id="1397" name="WorkflowPersistenceTests" fullname="UnitySkills.Tests.Core.WorkflowPersistenceTests" classname="UnitySkills.Tests.Core.WorkflowPersistenceTests" runstate="Runnable" testcasecount="14" result="Passed" start-time="2026-08-03 18:57:52Z" end-time="2026-08-03 18:57:57Z" duration="5.246084" total="14" passed="14" failed="0" inconclusive="0" skipped="0" asserts="0">
              <properties />
              <test-case id="1410" name="AutoClean_AgeLimitDoesNotDeleteOldReferencedBlob" fullname="UnitySkills.Tests.Core.WorkflowPersistenceTests.AutoClean_AgeLimitDoesNotDeleteOldReferencedBlob" methodname="AutoClean_AgeLimitDoesNotDeleteOldReferencedBlob" classname="UnitySkills.Tests.Core.WorkflowPersistenceTests" runstate="Runnable" seed="907941305" result="Passed" start-time="2026-08-03 18:57:52Z" end-time="2026-08-03 18:57:52Z" duration="0.391043" asserts="0">
                <properties>
                  <property name="retryIteration" value="0" />
                  <property name="repeatIteration" value="0" />
                </properties>
                <output><![CDATA[<color=#E091FF>[UnitySkills]</color> Reclaimed 1 unreferenced store entries (5 B)
<color=#E091FF>[UnitySkills]</color> Trimmed 0 tasks, reclaimed 5 B from file store
]]></output>
              </test-case>
              <test-case id="1409" name="AutoClean_ZeroLimitsDoNotDeleteReferencedBlob" fullname="UnitySkills.Tests.Core.WorkflowPersistenceTests.AutoClean_ZeroLimitsDoNotDeleteReferencedBlob" methodname="AutoClean_ZeroLimitsDoNotDeleteReferencedBlob" classname="UnitySkills.Tests.Core.WorkflowPersistenceTests" runstate="Runnable" seed="1905870118" result="Passed" start-time="2026-08-03 18:57:52Z" end-time="2026-08-03 18:57:53Z" duration="0.361691" asserts="0">
                <properties>
                  <property name="retryIteration" value="0" />
                  <property name="repeatIteration" value="0" />
                </properties>
              </test-case>
              <test-case id="1403" name="CreatedComponent_UndoTargetsExactInstanceWhenTypeIsDuplicated" fullname="UnitySkills.Tests.Core.WorkflowPersistenceTests.CreatedComponent_UndoTargetsExactInstanceWhenTypeIsDuplicated" methodname="CreatedComponent_UndoTargetsExactInstanceWhenTypeIsDuplicated" classname="UnitySkills.Tests.Core.WorkflowPersistenceTests" runstate="Runnable" seed="580081345" result="Passed" start-time="2026-08-03 18:57:53Z" end-time="2026-08-03 18:57:53Z" duration="0.240869" asserts="0">
                <properties>
                  <property name="retryIteration" value="0" />
                  <property name="repeatIteration" value="0" />
                </properties>
              </test-case>
              <test-case id="1398" name="FileStore_UsesIndependentMetaHashes" fullname="UnitySkills.Tests.Core.WorkflowPersistenceTests.FileStore_UsesIndependentMetaHashes" methodname="FileStore_UsesIndependentMetaHashes" classname="UnitySkills.Tests.Core.WorkflowPersistenceTests" runstate="Runnable" seed="1613841089" result="Passed" start-time="2026-08-03 18:57:53Z" end-time="2026-08-03 18:57:53Z" duration="0.358815" asserts="0">
                <properties>
                  <property name="retryIteration" value="0" />
                  <property name="repeatIteration" value="0" />
                </properties>
              </test-case>
              <test-case id="1407" name="LegacyBase64_LoadMigratesBlobAndClearsInlinePayload" fullname="UnitySkills.Tests.Core.WorkflowPersistenceTests.LegacyBase64_LoadMigratesBlobAndClearsInlinePayload" methodname="LegacyBase64_LoadMigratesBlobAndClearsInlinePayload" classname="UnitySkills.Tests.Core.WorkflowPersistenceTests" runstate="Runnable" seed="1864350377" result="Passed" start-time="2026-08-03 18:57:53Z" end-time="2026-08-03 18:57:53Z" duration="0.236078" asserts="0">
                <properties>
                  <property name="retryIteration" value="0" />
                  <property name="repeatIteration" value="0" />
                </properties>
              </test-case>
              <test-case id="1402" name="ModifiedComponent_UndoRedo_PreservesSceneObjectReferences" fullname="UnitySkills.Tests.Core.WorkflowPersistenceTests.ModifiedComponent_UndoRedo_PreservesSceneObjectReferences" methodname="ModifiedComponent_UndoRedo_PreservesSceneObjectReferences" classname="UnitySkills.Tests.Core.WorkflowPersistenceTests" runstate="Runnable" seed="1761685922" result="Passed" start-time="2026-08-03 18:57:53Z" end-time="2026-08-03 18:57:54Z" duration="0.232771" asserts="0">
                <properties>
                  <property name="retryIteration" value="0" />
                  <property name="repeatIteration" value="0" />
                </properties>
              </test-case>
              <test-case id="1399" name="NonEmptyFolder_DeleteUndoRedo_RestoresContentsAndMeta" fullname="UnitySkills.Tests.Core.WorkflowPersistenceTests.NonEmptyFolder_DeleteUndoRedo_RestoresContentsAndMeta" methodname="NonEmptyFolder_DeleteUndoRedo_RestoresContentsAndMeta" classname="UnitySkills.Tests.Core.WorkflowPersistenceTests" runstate="Runnable" seed="620789558" result="Passed" start-time="2026-08-03 18:57:54Z" end-time="2026-08-03 18:57:54Z" duration="0.837469" asserts="0">
                <properties>
                  <property name="retryIteration" value="0" />
                  <property name="repeatIteration" value="0" />
                </properties>
              </test-case>
              <test-case id="1406" name="RouterLogicalFailure_AbortsWorkflowAndRevertsMutationGroup" fullname="UnitySkills.Tests.Core.WorkflowPersistenceTests.RouterLogicalFailure_AbortsWorkflowAndRevertsMutationGroup" methodname="RouterLogicalFailure_AbortsWorkflowAndRevertsMutationGroup" classname="UnitySkills.Tests.Core.WorkflowPersistenceTests" runstate="Runnable" seed="814624241" result="Passed" start-time="2026-08-03 18:57:54Z" end-time="2026-08-03 18:57:55Z" duration="0.375007" asserts="0">
                <properties>
                  <property name="retryIteration" value="0" />
                  <property name="repeatIteration" value="0" />
                </properties>
              </test-case>
              <test-case id="1401" name="SceneComponent_DeleteUndoRedo_RestoresSerializedState" fullname="UnitySkills.Tests.Core.WorkflowPersistenceTests.SceneComponent_DeleteUndoRedo_RestoresSerializedState" methodname="SceneComponent_DeleteUndoRedo_RestoresSerializedState" classname="UnitySkills.Tests.Core.WorkflowPersistenceTests" runstate="Runnable" seed="1364638189" result="Passed" start-time="2026-08-03 18:57:55Z" end-time="2026-08-03 18:57:55Z" duration="0.244106" asserts="0">
                <properties>
                  <property name="retryIteration" value="0" />
                  <property name="repeatIteration" value="0" />
                </properties>
              </test-case>
              <test-case id="1400" name="SceneGameObject_DeleteUndoRedo_RestoresHierarchyAndComponents" fullname="UnitySkills.Tests.Core.WorkflowPersistenceTests.SceneGameObject_DeleteUndoRedo_RestoresHierarchyAndComponents" methodname="SceneGameObject_DeleteUndoRedo_RestoresHierarchyAndComponents" classname="UnitySkills.Tests.Core.WorkflowPersistenceTests" runstate="Runnable" seed="478685281" result="Passed" start-time="2026-08-03 18:57:55Z" end-time="2026-08-03 18:57:55Z" duration="0.246928" asserts="0">
                <properties>
                  <property name="retryIteration" value="0" />
                  <property name="repeatIteration" value="0" />
                </properties>
              </test-case>
              <test-case id="1411" name="Schema_RequiresInputMatchingStringParameter_IsRequired" fullname="UnitySkills.Tests.Core.WorkflowPersistenceTests.Schema_RequiresInputMatchingStringParameter_IsRequired" methodname="Schema_RequiresInputMatchingStringParameter_IsRequired" classname="UnitySkills.Tests.Core.WorkflowPersistenceTests" runstate="Runnable" seed="1578776498" result="Passed" start-time="2026-08-03 18:57:55Z" end-time="2026-08-03 18:57:56Z" duration="0.258978" asserts="0">
                <properties>
                  <property name="retryIteration" value="0" />
                  <property name="repeatIteration" value="0" />
                </properties>
              </test-case>
              <test-case id="1408" name="Schema3_LoadMigratesLegacyMetaSidecarToIndependentBlob" fullname="UnitySkills.Tests.Core.WorkflowPersistenceTests.Schema3_LoadMigratesLegacyMetaSidecarToIndependentBlob" methodname="Schema3_LoadMigratesLegacyMetaSidecarToIndependentBlob" classname="UnitySkills.Tests.Core.WorkflowPersistenceTests" runstate="Runnable" seed="238723383" result="Passed" start-time="2026-08-03 18:57:56Z" end-time="2026-08-03 18:57:56Z" duration="0.314299" asserts="0">
                <properties>
                  <property name="retryIteration" value="0" />
                  <property name="repeatIteration" value="0" />
                </properties>
              </test-case>
              <test-case id="1404" name="SnapshotSequence_PreservesMoveChainInsteadOfOverwriting" fullname="UnitySkills.Tests.Core.WorkflowPersistenceTests.SnapshotSequence_PreservesMoveChainInsteadOfOverwriting" methodname="SnapshotSequence_PreservesMoveChainInsteadOfOverwriting" classname="UnitySkills.Tests.Core.WorkflowPersistenceTests" runstate="Runnable" seed="2046746666" result="Passed" start-time="2026-08-03 18:57:56Z" end-time="2026-08-03 18:57:57Z" duration="0.910135" asserts="0">
                <properties>
                  <property name="retryIteration" value="0" />
                  <property name="repeatIteration" value="0" />
                </properties>
              </test-case>
              <test-case id="1405" name="UndoPartialFailure_SplitsSucceededAndRetryableSnapshotsAcrossStacks" fullname="UnitySkills.Tests.Core.WorkflowPersistenceTests.UndoPartialFailure_SplitsSucceededAndRetryableSnapshotsAcrossStacks" methodname="UndoPartialFailure_SplitsSucceededAndRetryableSnapshotsAcrossStacks" classname="UnitySkills.Tests.Core.WorkflowPersistenceTests" runstate="Runnable" seed="1084180521" result="Passed" start-time="2026-08-03 18:57:57Z" end-time="2026-08-03 18:57:57Z" duration="0.234744" asserts="0">
                <properties>
                  <property name="retryIteration" value="0" />
                  <property name="repeatIteration" value="0" />
                </properties>
                <output><![CDATA[Saving results to: /Users/robert/Library/Application Support/GibiWorld/GibiWorld/TestResults.xml
]]></output>
              </test-case>
            </test-suite>
          </test-suite>
        </test-suite>
      </test-suite>
    </test-suite>
  </test-suite>
</test-run>